Using pre-set license
Built from '2020.2/staging' branch; Version is '2020.2.6f1 (8a2143876886) revision 9052483'; Using compiler version '192528614'; Build Type 'Release'
OS: 'Windows 10 Pro; OS build 19041.804; Version 2004; 64bit' Language: 'de' Physical Memory: 8113 MB
BatchMode: 1, IsHumanControllingUs: 0, StartBugReporterOnCrash: 0, Is64bit: 1, IsPro: 0

 COMMAND LINE ARGUMENTS:
C:\Program Files\Unity\Hub\Editor\2020.2.6f1\Editor\Unity.exe
-adb2
-batchMode
-noUpm
-name
AssetImportWorker0
-projectPath
C:/Users/Surface User/Desktop/Bachelorarbeit/InfluenceMapProject
-logFile
Logs/AssetImportWorker0.log
-srvPort
54085
Successfully changed project path to: C:/Users/Surface User/Desktop/Bachelorarbeit/InfluenceMapProject
C:/Users/Surface User/Desktop/Bachelorarbeit/InfluenceMapProject
Using Asset Import Pipeline V2.
Refreshing native plugins compatible for Editor in 1252.82 ms, found 1 plugins.
Preloading 0 native plugins for Editor in 0.00 ms.
Initialize engine version: 2020.2.6f1 (8a2143876886)
[Subsystems] Discovering subsystems at path C:/Program Files/Unity/Hub/Editor/2020.2.6f1/Editor/Data/Resources/UnitySubsystems
[Subsystems] Discovering subsystems at path C:/Users/Surface User/Desktop/Bachelorarbeit/InfluenceMapProject/Assets
GfxDevice: creating device client; threaded=0
Direct3D:
    Version:  Direct3D 11.0 [level 11.1]
    Renderer: Intel(R) HD Graphics 520 (ID=0x1916)
    Vendor:   
    VRAM:     4056 MB
    Driver:   24.20.100.6299
Initialize mono
Mono path[0] = 'C:/Program Files/Unity/Hub/Editor/2020.2.6f1/Editor/Data/Managed'
Mono path[1] = 'C:/Program Files/Unity/Hub/Editor/2020.2.6f1/Editor/Data/MonoBleedingEdge/lib/mono/unityjit'
Mono config path = 'C:/Program Files/Unity/Hub/Editor/2020.2.6f1/Editor/Data/MonoBleedingEdge/etc'
Using monoOptions --debugger-agent=transport=dt_socket,embedding=1,server=y,suspend=n,address=127.0.0.1:56512
Begin MonoManager ReloadAssembly
Registering precompiled unity dll's ...
Register platform support module: C:/Program Files/Unity/Hub/Editor/2020.2.6f1/Editor/Data/PlaybackEngines/WebGLSupport/UnityEditor.WebGL.Extensions.dll
Register platform support module: C:/Program Files/Unity/Hub/Editor/2020.2.6f1/Editor/Data/PlaybackEngines/MacStandaloneSupport/UnityEditor.OSXStandalone.Extensions.dll
Register platform support module: C:/Program Files/Unity/Hub/Editor/2020.2.6f1/Editor/Data/PlaybackEngines/WindowsStandaloneSupport/UnityEditor.WindowsStandalone.Extensions.dll
Register platform support module: C:/Program Files/Unity/Hub/Editor/2020.2.6f1/Editor/Data/PlaybackEngines/LuminSupport/UnityEditor.Lumin.Extensions.dll
Registered in 0.004753 seconds.
Native extension for Lumin target not found
Native extension for WindowsStandalone target not found
Native extension for OSXStandalone target not found
Native extension for WebGL target not found
Refreshing native plugins compatible for Editor in 73.45 ms, found 1 plugins.
Preloading 0 native plugins for Editor in 0.00 ms.
Invoked RoslynAnalysisRunner static constructor.
RoslynAnalysisRunner will not be running.
RoslynAnalysisRunner has terminated.
Mono: successfully reloaded assembly
- Completed reload, in  4.221 seconds
Platform modules already initialized, skipping
Registering precompiled user dll's ...
Registered in 0.002125 seconds.
Begin MonoManager ReloadAssembly
Native extension for Lumin target not found
Native extension for WindowsStandalone target not found
Native extension for OSXStandalone target not found
Native extension for WebGL target not found
Refreshing native plugins compatible for Editor in 55.42 ms, found 1 plugins.
Preloading 0 native plugins for Editor in 0.00 ms.
Invoked RoslynAnalysisRunner static constructor.
RoslynAnalysisRunner will not be running.
RoslynAnalysisRunner has terminated.
Mono: successfully reloaded assembly
- Completed reload, in  1.372 seconds
Platform modules already initialized, skipping
========================================================================
Worker process is ready to serve import requests
Launched and connected shader compiler UnityShaderCompiler.exe after 0.09 seconds
Refreshing native plugins compatible for Editor in 0.81 ms, found 1 plugins.
Preloading 0 native plugins for Editor in 0.00 ms.
Unloading 1958 Unused Serialized files (Serialized files now loaded: 0)
System memory in use before: 90.8 MB.
System memory in use after: 90.8 MB.

Unloading 25 unused Assets to reduce memory usage. Loaded Objects now: 2401.
Total: 4.861000 ms (FindLiveObjects: 1.332900 ms CreateObjectMapping: 0.337300 ms MarkObjects: 3.022700 ms  DeleteObjects: 0.165500 ms)

========================================================================
Received Import Request.
  path: Assets/ExcelParser.cs
  artifactKey: Guid(0c465d5273972d34e842dd94f5eed7a2) Importer(815301076,1909f56bfc062723c751e8b465ee728b)
Start importing Assets/ExcelParser.cs using Guid(0c465d5273972d34e842dd94f5eed7a2) Importer(815301076,1909f56bfc062723c751e8b465ee728b)  -> (artifact id: '5737350d69937de6c530603043cdebd2') in 0.062659 seconds
  Import took 0.067490 seconds .

========================================================================
Received Import Request.
  Time since last request: 0.379461 seconds.
  path: Assets/ExcelParser.cs
  artifactKey: Guid(0c465d5273972d34e842dd94f5eed7a2) Importer(815301076,1909f56bfc062723c751e8b465ee728b)
Start importing Assets/ExcelParser.cs using Guid(0c465d5273972d34e842dd94f5eed7a2) Importer(815301076,1909f56bfc062723c751e8b465ee728b)  -> (artifact id: 'fe7458f6142352c9f95fdf00b90ec571') in 0.039582 seconds
  Import took 0.048055 seconds .

========================================================================
Received Import Request.
  Time since last request: 3.208108 seconds.
  path: Assets/ExcelParser.cs
  artifactKey: Guid(0c465d5273972d34e842dd94f5eed7a2) Importer(815301076,1909f56bfc062723c751e8b465ee728b)
Start importing Assets/ExcelParser.cs using Guid(0c465d5273972d34e842dd94f5eed7a2) Importer(815301076,1909f56bfc062723c751e8b465ee728b)  -> (artifact id: '406fab272ef9dfafc1283df9573e73ae') in 0.033760 seconds
  Import took 0.041370 seconds .

========================================================================
Received Import Request.
  Time since last request: 4.765378 seconds.
  path: Assets/ExcelParser.cs
  artifactKey: Guid(0c465d5273972d34e842dd94f5eed7a2) Importer(815301076,1909f56bfc062723c751e8b465ee728b)
Start importing Assets/ExcelParser.cs using Guid(0c465d5273972d34e842dd94f5eed7a2) Importer(815301076,1909f56bfc062723c751e8b465ee728b)  -> (artifact id: '6b14f6ff472d8787ebbe0f95576cda40') in 0.020013 seconds
  Import took 0.027586 seconds .

========================================================================
Received Import Request.
  Time since last request: 1.692345 seconds.
  path: Assets/ExcelParser.cs
  artifactKey: Guid(0c465d5273972d34e842dd94f5eed7a2) Importer(815301076,1909f56bfc062723c751e8b465ee728b)
Start importing Assets/ExcelParser.cs using Guid(0c465d5273972d34e842dd94f5eed7a2) Importer(815301076,1909f56bfc062723c751e8b465ee728b)  -> (artifact id: '9ff53e37318998726cda9280ec4fdeeb') in 0.079559 seconds
  Import took 0.086999 seconds .

========================================================================
Received Import Request.
  Time since last request: 7.318044 seconds.
  path: Assets/ExcelParser.cs
  artifactKey: Guid(0c465d5273972d34e842dd94f5eed7a2) Importer(815301076,1909f56bfc062723c751e8b465ee728b)
Start importing Assets/ExcelParser.cs using Guid(0c465d5273972d34e842dd94f5eed7a2) Importer(815301076,1909f56bfc062723c751e8b465ee728b)  -> (artifact id: '87b887f12c95d4cada9f97448e5e49b6') in 0.022776 seconds
  Import took 0.033636 seconds .

========================================================================
Received Import Request.
  Time since last request: 6.676387 seconds.
  path: Assets/ExcelParser.cs
  artifactKey: Guid(0c465d5273972d34e842dd94f5eed7a2) Importer(815301076,1909f56bfc062723c751e8b465ee728b)
Start importing Assets/ExcelParser.cs using Guid(0c465d5273972d34e842dd94f5eed7a2) Importer(815301076,1909f56bfc062723c751e8b465ee728b)  -> (artifact id: '748669906c32b65512cd22c727e9dd12') in 0.017056 seconds
  Import took 0.024009 seconds .

========================================================================
Received Import Request.
  Time since last request: 0.000424 seconds.
  path: Assets/ExcelParser.cs
  artifactKey: Guid(0c465d5273972d34e842dd94f5eed7a2) Importer(815301076,1909f56bfc062723c751e8b465ee728b)
Start importing Assets/ExcelParser.cs using Guid(0c465d5273972d34e842dd94f5eed7a2) Importer(815301076,1909f56bfc062723c751e8b465ee728b)  -> (artifact id: '748669906c32b65512cd22c727e9dd12') in 0.010045 seconds
  Import took 0.024877 seconds .

========================================================================
Received Import Request.
  Time since last request: 2.089531 seconds.
  path: Assets/ExcelParser.cs
  artifactKey: Guid(0c465d5273972d34e842dd94f5eed7a2) Importer(815301076,1909f56bfc062723c751e8b465ee728b)
Start importing Assets/ExcelParser.cs using Guid(0c465d5273972d34e842dd94f5eed7a2) Importer(815301076,1909f56bfc062723c751e8b465ee728b)  -> (artifact id: '5115ea5ab83a0c382d4408b88c090ba8') in 0.012505 seconds
  Import took 0.020641 seconds .

========================================================================
Received Import Request.
  Time since last request: 0.003218 seconds.
  path: Assets/ExcelParser.cs
  artifactKey: Guid(0c465d5273972d34e842dd94f5eed7a2) Importer(815301076,1909f56bfc062723c751e8b465ee728b)
Start importing Assets/ExcelParser.cs using Guid(0c465d5273972d34e842dd94f5eed7a2) Importer(815301076,1909f56bfc062723c751e8b465ee728b)  -> (artifact id: '5115ea5ab83a0c382d4408b88c090ba8') in 0.008373 seconds
  Import took 0.014258 seconds .

========================================================================
Received Import Request.
  Time since last request: 104.864840 seconds.
  path: Assets/ExcelParser.cs
  artifactKey: Guid(0c465d5273972d34e842dd94f5eed7a2) Importer(815301076,1909f56bfc062723c751e8b465ee728b)
Start importing Assets/ExcelParser.cs using Guid(0c465d5273972d34e842dd94f5eed7a2) Importer(815301076,1909f56bfc062723c751e8b465ee728b)  -> (artifact id: '9b0d11efc051da3d5f3b60ab474298dd') in 0.022065 seconds
  Import took 0.029163 seconds .

========================================================================
Received Import Request.
  Time since last request: 2.355954 seconds.
  path: Assets/ExcelParser.cs
  artifactKey: Guid(0c465d5273972d34e842dd94f5eed7a2) Importer(815301076,1909f56bfc062723c751e8b465ee728b)
Start importing Assets/ExcelParser.cs using Guid(0c465d5273972d34e842dd94f5eed7a2) Importer(815301076,1909f56bfc062723c751e8b465ee728b)  -> (artifact id: 'ad08b465643c746e01e90248030db513') in 0.019189 seconds
  Import took 0.025081 seconds .

========================================================================
Received Import Request.
  Time since last request: 0.000961 seconds.
  path: Assets/ExcelParser.cs
  artifactKey: Guid(0c465d5273972d34e842dd94f5eed7a2) Importer(815301076,1909f56bfc062723c751e8b465ee728b)
Start importing Assets/ExcelParser.cs using Guid(0c465d5273972d34e842dd94f5eed7a2) Importer(815301076,1909f56bfc062723c751e8b465ee728b)  -> (artifact id: 'ad08b465643c746e01e90248030db513') in 0.007499 seconds
  Import took 0.015091 seconds .

========================================================================
Received Import Request.
  Time since last request: 3.302005 seconds.
  path: Assets/ExcelParser.cs
  artifactKey: Guid(0c465d5273972d34e842dd94f5eed7a2) Importer(815301076,1909f56bfc062723c751e8b465ee728b)
Start importing Assets/ExcelParser.cs using Guid(0c465d5273972d34e842dd94f5eed7a2) Importer(815301076,1909f56bfc062723c751e8b465ee728b)  -> (artifact id: '0f9bf9bd9a5ebd049fa5d4fab2808cc6') in 0.020886 seconds
  Import took 0.031665 seconds .

========================================================================
Received Import Request.
  Time since last request: 0.666956 seconds.
  path: Assets/ExcelParser.cs
  artifactKey: Guid(0c465d5273972d34e842dd94f5eed7a2) Importer(815301076,1909f56bfc062723c751e8b465ee728b)
Start importing Assets/ExcelParser.cs using Guid(0c465d5273972d34e842dd94f5eed7a2) Importer(815301076,1909f56bfc062723c751e8b465ee728b)  -> (artifact id: '34ed4079844cecb393aecd6b7e7d0d4a') in 0.022634 seconds
  Import took 0.034900 seconds .

========================================================================
Received Import Request.
  Time since last request: 5.575296 seconds.
  path: Assets/ExcelParser.cs
  artifactKey: Guid(0c465d5273972d34e842dd94f5eed7a2) Importer(815301076,1909f56bfc062723c751e8b465ee728b)
Start importing Assets/ExcelParser.cs using Guid(0c465d5273972d34e842dd94f5eed7a2) Importer(815301076,1909f56bfc062723c751e8b465ee728b)  -> (artifact id: '03a53cbed8884b39314352fb3a4e6550') in 0.034658 seconds
  Import took 0.042987 seconds .

========================================================================
Received Import Request.
  Time since last request: 3.150348 seconds.
  path: Assets/ExcelParser.cs
  artifactKey: Guid(0c465d5273972d34e842dd94f5eed7a2) Importer(815301076,1909f56bfc062723c751e8b465ee728b)
Start importing Assets/ExcelParser.cs using Guid(0c465d5273972d34e842dd94f5eed7a2) Importer(815301076,1909f56bfc062723c751e8b465ee728b)  -> (artifact id: '05d81a8d9bd5b86bde4ce902d83537a1') in 0.030120 seconds
  Import took 0.035373 seconds .

========================================================================
Received Import Request.
  Time since last request: 9.659451 seconds.
  path: Assets/ExcelParser.cs
  artifactKey: Guid(0c465d5273972d34e842dd94f5eed7a2) Importer(815301076,1909f56bfc062723c751e8b465ee728b)
Start importing Assets/ExcelParser.cs using Guid(0c465d5273972d34e842dd94f5eed7a2) Importer(815301076,1909f56bfc062723c751e8b465ee728b)  -> (artifact id: 'fde5352341f3dfca3950101e33c4e4b1') in 0.022068 seconds
  Import took 0.029507 seconds .

========================================================================
Received Import Request.
  Time since last request: 6.365341 seconds.
  path: Assets/ExcelParser.cs
  artifactKey: Guid(0c465d5273972d34e842dd94f5eed7a2) Importer(815301076,1909f56bfc062723c751e8b465ee728b)
Start importing Assets/ExcelParser.cs using Guid(0c465d5273972d34e842dd94f5eed7a2) Importer(815301076,1909f56bfc062723c751e8b465ee728b)  -> (artifact id: '8449f23bd74a96d3a1785949776dd5b4') in 0.021657 seconds
  Import took 0.030593 seconds .

========================================================================
Received Import Request.
  Time since last request: 2.253843 seconds.
  path: Assets/ExcelParser.cs
  artifactKey: Guid(0c465d5273972d34e842dd94f5eed7a2) Importer(815301076,1909f56bfc062723c751e8b465ee728b)
Start importing Assets/ExcelParser.cs using Guid(0c465d5273972d34e842dd94f5eed7a2) Importer(815301076,1909f56bfc062723c751e8b465ee728b)  -> (artifact id: '5467386f2b0850845b1e25f44c7df270') in 0.018832 seconds
  Import took 0.026284 seconds .

========================================================================
Received Import Request.
  Time since last request: 0.000581 seconds.
  path: Assets/ExcelParser.cs
  artifactKey: Guid(0c465d5273972d34e842dd94f5eed7a2) Importer(815301076,1909f56bfc062723c751e8b465ee728b)
Start importing Assets/ExcelParser.cs using Guid(0c465d5273972d34e842dd94f5eed7a2) Importer(815301076,1909f56bfc062723c751e8b465ee728b)  -> (artifact id: '5467386f2b0850845b1e25f44c7df270') in 0.007578 seconds
  Import took 0.014348 seconds .

========================================================================
Received Import Request.
  Time since last request: 7.032841 seconds.
  path: Assets/ExcelParser.cs
  artifactKey: Guid(0c465d5273972d34e842dd94f5eed7a2) Importer(815301076,1909f56bfc062723c751e8b465ee728b)
Start importing Assets/ExcelParser.cs using Guid(0c465d5273972d34e842dd94f5eed7a2) Importer(815301076,1909f56bfc062723c751e8b465ee728b)  -> (artifact id: '2df061ee0847b11b55e9786b508075e2') in 0.017711 seconds
  Import took 0.034976 seconds .

========================================================================
Received Import Request.
  Time since last request: 4.923360 seconds.
  path: Assets/ExcelParser.cs
  artifactKey: Guid(0c465d5273972d34e842dd94f5eed7a2) Importer(815301076,1909f56bfc062723c751e8b465ee728b)
Start importing Assets/ExcelParser.cs using Guid(0c465d5273972d34e842dd94f5eed7a2) Importer(815301076,1909f56bfc062723c751e8b465ee728b)  -> (artifact id: 'dc4f711dd2996001c95da5ebe2504c13') in 0.023983 seconds
  Import took 0.032055 seconds .

========================================================================
Received Import Request.
  Time since last request: 6.737524 seconds.
  path: Assets/ExcelParser.cs
  artifactKey: Guid(0c465d5273972d34e842dd94f5eed7a2) Importer(815301076,1909f56bfc062723c751e8b465ee728b)
Start importing Assets/ExcelParser.cs using Guid(0c465d5273972d34e842dd94f5eed7a2) Importer(815301076,1909f56bfc062723c751e8b465ee728b)  -> (artifact id: '844ccf71a30f293488945317f4eeb3dd') in 0.018578 seconds
  Import took 0.024658 seconds .

========================================================================
Received Import Request.
  Time since last request: 15.171807 seconds.
  path: Assets/ExcelParser.cs
  artifactKey: Guid(0c465d5273972d34e842dd94f5eed7a2) Importer(815301076,1909f56bfc062723c751e8b465ee728b)
Start importing Assets/ExcelParser.cs using Guid(0c465d5273972d34e842dd94f5eed7a2) Importer(815301076,1909f56bfc062723c751e8b465ee728b)  -> (artifact id: 'b72d1ae833d4df116605cd9f111ddb7a') in 0.019170 seconds
  Import took 0.028097 seconds .

========================================================================
Received Import Request.
  Time since last request: 23.480877 seconds.
  path: Assets/ExcelParser.cs
  artifactKey: Guid(0c465d5273972d34e842dd94f5eed7a2) Importer(815301076,1909f56bfc062723c751e8b465ee728b)
Start importing Assets/ExcelParser.cs using Guid(0c465d5273972d34e842dd94f5eed7a2) Importer(815301076,1909f56bfc062723c751e8b465ee728b)  -> (artifact id: '3b9faffce34f2bcd403e59f6adce34a9') in 0.020101 seconds
  Import took 0.027623 seconds .

========================================================================
Received Import Request.
  Time since last request: 30.930517 seconds.
  path: Assets/ExcelParser.cs
  artifactKey: Guid(0c465d5273972d34e842dd94f5eed7a2) Importer(815301076,1909f56bfc062723c751e8b465ee728b)
Start importing Assets/ExcelParser.cs using Guid(0c465d5273972d34e842dd94f5eed7a2) Importer(815301076,1909f56bfc062723c751e8b465ee728b)  -> (artifact id: '8e89b35f59cad867319e47ebc62dc4bc') in 0.007438 seconds
  Import took 0.016404 seconds .

========================================================================
Received Import Request.
  Time since last request: 8.688557 seconds.
  path: Assets/ExcelParser.cs
  artifactKey: Guid(0c465d5273972d34e842dd94f5eed7a2) Importer(815301076,1909f56bfc062723c751e8b465ee728b)
Start importing Assets/ExcelParser.cs using Guid(0c465d5273972d34e842dd94f5eed7a2) Importer(815301076,1909f56bfc062723c751e8b465ee728b)  -> (artifact id: 'bd4009615dd18c43d0b3fd39138f4db0') in 0.035351 seconds
  Import took 0.042055 seconds .

========================================================================
Received Import Request.
  Time since last request: 3.489333 seconds.
  path: Assets/ExcelParser.cs
  artifactKey: Guid(0c465d5273972d34e842dd94f5eed7a2) Importer(815301076,1909f56bfc062723c751e8b465ee728b)
Start importing Assets/ExcelParser.cs using Guid(0c465d5273972d34e842dd94f5eed7a2) Importer(815301076,1909f56bfc062723c751e8b465ee728b)  -> (artifact id: '84871cee6bc703ae58722290d8ccff04') in 0.006957 seconds
  Import took 0.015892 seconds .

========================================================================
Received Import Request.
  Time since last request: 197.696200 seconds.
  path: Assets/ExcelParser.cs
  artifactKey: Guid(0c465d5273972d34e842dd94f5eed7a2) Importer(815301076,1909f56bfc062723c751e8b465ee728b)
Start importing Assets/ExcelParser.cs using Guid(0c465d5273972d34e842dd94f5eed7a2) Importer(815301076,1909f56bfc062723c751e8b465ee728b)  -> (artifact id: 'cf33b1a6bbb26a2177439ea72c65ceda') in 0.027034 seconds
  Import took 0.041753 seconds .

========================================================================
Received Import Request.
  Time since last request: 1.141633 seconds.
  path: Assets/ExcelParser.cs
  artifactKey: Guid(0c465d5273972d34e842dd94f5eed7a2) Importer(815301076,1909f56bfc062723c751e8b465ee728b)
Start importing Assets/ExcelParser.cs using Guid(0c465d5273972d34e842dd94f5eed7a2) Importer(815301076,1909f56bfc062723c751e8b465ee728b)  -> (artifact id: 'e2c527fc8d884d70daf8ef71501b0bf4') in 0.025020 seconds
  Import took 0.045512 seconds .

========================================================================
Received Import Request.
  Time since last request: 6.217237 seconds.
  path: Assets/ExcelParser.cs
  artifactKey: Guid(0c465d5273972d34e842dd94f5eed7a2) Importer(815301076,1909f56bfc062723c751e8b465ee728b)
Start importing Assets/ExcelParser.cs using Guid(0c465d5273972d34e842dd94f5eed7a2) Importer(815301076,1909f56bfc062723c751e8b465ee728b)  -> (artifact id: 'ea7b4e58ab77612061ac9e45e1ef5281') in 0.020743 seconds
  Import took 0.039706 seconds .

========================================================================
Received Import Request.
  Time since last request: 2.100749 seconds.
  path: Assets/ExcelParser.cs
  artifactKey: Guid(0c465d5273972d34e842dd94f5eed7a2) Importer(815301076,1909f56bfc062723c751e8b465ee728b)
Start importing Assets/ExcelParser.cs using Guid(0c465d5273972d34e842dd94f5eed7a2) Importer(815301076,1909f56bfc062723c751e8b465ee728b)  -> (artifact id: '9424c4854594bcf4122958122d9080a5') in 0.014968 seconds
  Import took 0.024941 seconds .

========================================================================
Received Import Request.
  Time since last request: 2.565848 seconds.
  path: Assets/ExcelParser.cs
  artifactKey: Guid(0c465d5273972d34e842dd94f5eed7a2) Importer(815301076,1909f56bfc062723c751e8b465ee728b)
Start importing Assets/ExcelParser.cs using Guid(0c465d5273972d34e842dd94f5eed7a2) Importer(815301076,1909f56bfc062723c751e8b465ee728b)  -> (artifact id: '1b85d3c8f050cce1373160d758e110b6') in 0.011911 seconds
  Import took 0.021632 seconds .

========================================================================
Received Import Request.
  Time since last request: 3.056879 seconds.
  path: Assets/ExcelParser.cs
  artifactKey: Guid(0c465d5273972d34e842dd94f5eed7a2) Importer(815301076,1909f56bfc062723c751e8b465ee728b)
Start importing Assets/ExcelParser.cs using Guid(0c465d5273972d34e842dd94f5eed7a2) Importer(815301076,1909f56bfc062723c751e8b465ee728b)  -> (artifact id: '658b9c99ebab7be910937182ca6d38a7') in 0.020769 seconds
  Import took 0.031649 seconds .

========================================================================
Received Import Request.
  Time since last request: 1.995172 seconds.
  path: Assets/ExcelParser.cs
  artifactKey: Guid(0c465d5273972d34e842dd94f5eed7a2) Importer(815301076,1909f56bfc062723c751e8b465ee728b)
Start importing Assets/ExcelParser.cs using Guid(0c465d5273972d34e842dd94f5eed7a2) Importer(815301076,1909f56bfc062723c751e8b465ee728b)  -> (artifact id: '6381a47575598feb96098990184d6af3') in 0.021340 seconds
  Import took 0.041231 seconds .

========================================================================
Received Import Request.
  Time since last request: 1.200315 seconds.
  path: Assets/ExcelParser.cs
  artifactKey: Guid(0c465d5273972d34e842dd94f5eed7a2) Importer(815301076,1909f56bfc062723c751e8b465ee728b)
Start importing Assets/ExcelParser.cs using Guid(0c465d5273972d34e842dd94f5eed7a2) Importer(815301076,1909f56bfc062723c751e8b465ee728b)  -> (artifact id: '488a9d6d5495b47f979e268db8d92bc1') in 0.043334 seconds
  Import took 0.076666 seconds .

========================================================================
Received Import Request.
  Time since last request: 4.447883 seconds.
  path: Assets/ExcelParser.cs
  artifactKey: Guid(0c465d5273972d34e842dd94f5eed7a2) Importer(815301076,1909f56bfc062723c751e8b465ee728b)
Start importing Assets/ExcelParser.cs using Guid(0c465d5273972d34e842dd94f5eed7a2) Importer(815301076,1909f56bfc062723c751e8b465ee728b)  -> (artifact id: 'b984ca65f89522a170b63adbc4bbddc9') in 0.314180 seconds
  Import took 0.357186 seconds .

========================================================================
Received Import Request.
  Time since last request: 7.679344 seconds.
  path: Assets/ExcelParser.cs
  artifactKey: Guid(0c465d5273972d34e842dd94f5eed7a2) Importer(815301076,1909f56bfc062723c751e8b465ee728b)
Start importing Assets/ExcelParser.cs using Guid(0c465d5273972d34e842dd94f5eed7a2) Importer(815301076,1909f56bfc062723c751e8b465ee728b)  -> (artifact id: '2134e358306826dd972dd6323e4816ab') in 0.117380 seconds
  Import took 0.124185 seconds .

========================================================================
Received Prepare
Registering precompiled user dll's ...
Registered in 0.004707 seconds.
Begin MonoManager ReloadAssembly
Native extension for Lumin target not found
Native extension for WindowsStandalone target not found
Native extension for OSXStandalone target not found
Native extension for WebGL target not found
Refreshing native plugins compatible for Editor in 0.70 ms, found 1 plugins.
Preloading 0 native plugins for Editor in 0.00 ms.
Invoked RoslynAnalysisRunner static constructor.
RoslynAnalysisRunner will not be running.
RoslynAnalysisRunner has terminated.
Mono: successfully reloaded assembly
- Completed reload, in  3.326 seconds
Platform modules already initialized, skipping
Refreshing native plugins compatible for Editor in 1.73 ms, found 1 plugins.
Preloading 0 native plugins for Editor in 0.00 ms.
Unloading 1949 Unused Serialized files (Serialized files now loaded: 0)
System memory in use before: 90.5 MB.
System memory in use after: 90.5 MB.

Unloading 13 unused Assets to reduce memory usage. Loaded Objects now: 2404.
Total: 10.723500 ms (FindLiveObjects: 5.443900 ms CreateObjectMapping: 0.233900 ms MarkObjects: 4.803600 ms  DeleteObjects: 0.239200 ms)

========================================================================
Received Prepare
Registering precompiled user dll's ...
Registered in 0.004670 seconds.
Begin MonoManager ReloadAssembly
Native extension for Lumin target not found
Native extension for WindowsStandalone target not found
Native extension for OSXStandalone target not found
Native extension for WebGL target not found
Refreshing native plugins compatible for Editor in 0.95 ms, found 1 plugins.
Preloading 0 native plugins for Editor in 0.00 ms.
Invoked RoslynAnalysisRunner static constructor.
RoslynAnalysisRunner will not be running.
RoslynAnalysisRunner has terminated.
Mono: successfully reloaded assembly
- Completed reload, in  2.494 seconds
Platform modules already initialized, skipping
Refreshing native plugins compatible for Editor in 0.54 ms, found 1 plugins.
Preloading 0 native plugins for Editor in 0.00 ms.
Unloading 1949 Unused Serialized files (Serialized files now loaded: 0)
System memory in use before: 90.5 MB.
System memory in use after: 90.5 MB.

Unloading 13 unused Assets to reduce memory usage. Loaded Objects now: 2407.
Total: 5.405900 ms (FindLiveObjects: 1.115900 ms CreateObjectMapping: 0.511000 ms MarkObjects: 3.629200 ms  DeleteObjects: 0.148400 ms)

========================================================================
Received Import Request.
  Time since last request: 3791.239130 seconds.
  path: Assets/ExcelParser.cs
  artifactKey: Guid(0c465d5273972d34e842dd94f5eed7a2) Importer(815301076,1909f56bfc062723c751e8b465ee728b)
Start importing Assets/ExcelParser.cs using Guid(0c465d5273972d34e842dd94f5eed7a2) Importer(815301076,1909f56bfc062723c751e8b465ee728b)  -> (artifact id: 'c1e00b17ef73d0b8c9c521e814dda309') in 0.057889 seconds
  Import took 0.064084 seconds .

========================================================================
Received Import Request.
  Time since last request: 1178.980433 seconds.
  path: Assets/JsonParser.cs
  artifactKey: Guid(0c465d5273972d34e842dd94f5eed7a2) Importer(815301076,1909f56bfc062723c751e8b465ee728b)
Start importing Assets/JsonParser.cs using Guid(0c465d5273972d34e842dd94f5eed7a2) Importer(815301076,1909f56bfc062723c751e8b465ee728b)  -> (artifact id: '7bb109b2c1b9ec5e2b5195d244cf1fa0') in 0.018496 seconds
  Import took 0.031128 seconds .

========================================================================
Received Import Request.
  Time since last request: 2854.654719 seconds.
  path: Assets/JsonParser.cs
  artifactKey: Guid(0c465d5273972d34e842dd94f5eed7a2) Importer(815301076,1909f56bfc062723c751e8b465ee728b)
Start importing Assets/JsonParser.cs using Guid(0c465d5273972d34e842dd94f5eed7a2) Importer(815301076,1909f56bfc062723c751e8b465ee728b)  -> (artifact id: 'c1fc12f71318da39379efc5d6240b9a1') in 0.037482 seconds
  Import took 0.046427 seconds .

========================================================================
Received Import Request.
  Time since last request: 12.125522 seconds.
  path: Assets/_Scripts/UnitManager.cs
  artifactKey: Guid(90ccc41a309944e4db076fbdb58cf629) Importer(815301076,1909f56bfc062723c751e8b465ee728b)
Start importing Assets/_Scripts/UnitManager.cs using Guid(90ccc41a309944e4db076fbdb58cf629) Importer(815301076,1909f56bfc062723c751e8b465ee728b)  -> (artifact id: '84fd0b450419a222b8ffca11b62eb882') in 0.106263 seconds
  Import took 0.115707 seconds .

========================================================================
Received Import Request.
  Time since last request: 619.727466 seconds.
  path: Assets/_Scripts/UnitManager.cs
  artifactKey: Guid(90ccc41a309944e4db076fbdb58cf629) Importer(815301076,1909f56bfc062723c751e8b465ee728b)
Start importing Assets/_Scripts/UnitManager.cs using Guid(90ccc41a309944e4db076fbdb58cf629) Importer(815301076,1909f56bfc062723c751e8b465ee728b)  -> (artifact id: '1820a22d1ddc72f2cec6a79072565f9f') in 0.038665 seconds
  Import took 0.107108 seconds .

========================================================================
Received Prepare
Registering precompiled user dll's ...
Registered in 0.004125 seconds.
Begin MonoManager ReloadAssembly
Native extension for Lumin target not found
Native extension for WindowsStandalone target not found
Native extension for OSXStandalone target not found
Native extension for WebGL target not found
Refreshing native plugins compatible for Editor in 0.90 ms, found 1 plugins.
Preloading 0 native plugins for Editor in 0.00 ms.
Invoked RoslynAnalysisRunner static constructor.
RoslynAnalysisRunner will not be running.
RoslynAnalysisRunner has terminated.
Mono: successfully reloaded assembly
- Completed reload, in  2.272 seconds
Platform modules already initialized, skipping
Refreshing native plugins compatible for Editor in 0.55 ms, found 1 plugins.
Preloading 0 native plugins for Editor in 0.00 ms.
Unloading 1949 Unused Serialized files (Serialized files now loaded: 0)
System memory in use before: 90.6 MB.
System memory in use after: 90.5 MB.

Unloading 13 unused Assets to reduce memory usage. Loaded Objects now: 2410.
Total: 9.248800 ms (FindLiveObjects: 0.633900 ms CreateObjectMapping: 0.317700 ms MarkObjects: 7.933000 ms  DeleteObjects: 0.360500 ms)

========================================================================
Received Prepare
Registering precompiled user dll's ...
Registered in 0.002692 seconds.
Begin MonoManager ReloadAssembly
Native extension for Lumin target not found
Native extension for WindowsStandalone target not found
Native extension for OSXStandalone target not found
Native extension for WebGL target not found
Refreshing native plugins compatible for Editor in 0.73 ms, found 1 plugins.
Preloading 0 native plugins for Editor in 0.00 ms.
Invoked RoslynAnalysisRunner static constructor.
RoslynAnalysisRunner will not be running.
RoslynAnalysisRunner has terminated.
Mono: successfully reloaded assembly
- Completed reload, in  2.341 seconds
Platform modules already initialized, skipping
Refreshing native plugins compatible for Editor in 0.64 ms, found 1 plugins.
Preloading 0 native plugins for Editor in 0.00 ms.
Unloading 1949 Unused Serialized files (Serialized files now loaded: 0)
System memory in use before: 90.6 MB.
System memory in use after: 90.6 MB.

Unloading 13 unused Assets to reduce memory usage. Loaded Objects now: 2413.
Total: 3.877600 ms (FindLiveObjects: 0.283400 ms CreateObjectMapping: 0.119600 ms MarkObjects: 3.308400 ms  DeleteObjects: 0.164300 ms)

========================================================================
Received Prepare
Registering precompiled user dll's ...
Registered in 0.004716 seconds.
Begin MonoManager ReloadAssembly
Native extension for Lumin target not found
Native extension for WindowsStandalone target not found
Native extension for OSXStandalone target not found
Native extension for WebGL target not found
Refreshing native plugins compatible for Editor in 0.55 ms, found 1 plugins.
Preloading 0 native plugins for Editor in 0.00 ms.
Invoked RoslynAnalysisRunner static constructor.
RoslynAnalysisRunner will not be running.
RoslynAnalysisRunner has terminated.
Mono: successfully reloaded assembly
- Completed reload, in  2.446 seconds
Platform modules already initialized, skipping
Refreshing native plugins compatible for Editor in 0.54 ms, found 1 plugins.
Preloading 0 native plugins for Editor in 0.00 ms.
Unloading 1949 Unused Serialized files (Serialized files now loaded: 0)
System memory in use before: 90.6 MB.
System memory in use after: 90.6 MB.

Unloading 13 unused Assets to reduce memory usage. Loaded Objects now: 2416.
Total: 8.732300 ms (FindLiveObjects: 0.803100 ms CreateObjectMapping: 0.352600 ms MarkObjects: 7.281200 ms  DeleteObjects: 0.291500 ms)

========================================================================
Received Prepare
Registering precompiled user dll's ...
Registered in 0.002999 seconds.
Begin MonoManager ReloadAssembly
Native extension for Lumin target not found
Native extension for WindowsStandalone target not found
Native extension for OSXStandalone target not found
Native extension for WebGL target not found
Refreshing native plugins compatible for Editor in 0.63 ms, found 1 plugins.
Preloading 0 native plugins for Editor in 0.00 ms.
Invoked RoslynAnalysisRunner static constructor.
RoslynAnalysisRunner will not be running.
RoslynAnalysisRunner has terminated.
Mono: successfully reloaded assembly
- Completed reload, in  2.117 seconds
Platform modules already initialized, skipping
Refreshing native plugins compatible for Editor in 0.96 ms, found 1 plugins.
Preloading 0 native plugins for Editor in 0.00 ms.
Unloading 1949 Unused Serialized files (Serialized files now loaded: 0)
System memory in use before: 90.6 MB.
System memory in use after: 90.6 MB.

Unloading 13 unused Assets to reduce memory usage. Loaded Objects now: 2419.
Total: 4.729700 ms (FindLiveObjects: 0.424900 ms CreateObjectMapping: 0.160700 ms MarkObjects: 3.925000 ms  DeleteObjects: 0.214200 ms)

========================================================================
Received Prepare
Registering precompiled user dll's ...
Registered in 0.002599 seconds.
Begin MonoManager ReloadAssembly
Native extension for Lumin target not found
Native extension for WindowsStandalone target not found
Native extension for OSXStandalone target not found
Native extension for WebGL target not found
Refreshing native plugins compatible for Editor in 0.56 ms, found 1 plugins.
Preloading 0 native plugins for Editor in 0.00 ms.
Invoked RoslynAnalysisRunner static constructor.
RoslynAnalysisRunner will not be running.
RoslynAnalysisRunner has terminated.
Mono: successfully reloaded assembly
- Completed reload, in  2.233 seconds
Platform modules already initialized, skipping
Refreshing native plugins compatible for Editor in 0.60 ms, found 1 plugins.
Preloading 0 native plugins for Editor in 0.00 ms.
Unloading 1949 Unused Serialized files (Serialized files now loaded: 0)
System memory in use before: 90.6 MB.
System memory in use after: 90.6 MB.

Unloading 13 unused Assets to reduce memory usage. Loaded Objects now: 2422.
Total: 3.336300 ms (FindLiveObjects: 0.376100 ms CreateObjectMapping: 0.142300 ms MarkObjects: 2.663200 ms  DeleteObjects: 0.152400 ms)

========================================================================
Received Prepare
Registering precompiled user dll's ...
Registered in 0.003597 seconds.
Begin MonoManager ReloadAssembly
Native extension for Lumin target not found
Native extension for WindowsStandalone target not found
Native extension for OSXStandalone target not found
Native extension for WebGL target not found
Refreshing native plugins compatible for Editor in 1.53 ms, found 1 plugins.
Preloading 0 native plugins for Editor in 0.00 ms.
Invoked RoslynAnalysisRunner static constructor.
RoslynAnalysisRunner will not be running.
RoslynAnalysisRunner has terminated.
Mono: successfully reloaded assembly
- Completed reload, in  2.442 seconds
Platform modules already initialized, skipping
Refreshing native plugins compatible for Editor in 0.60 ms, found 1 plugins.
Preloading 0 native plugins for Editor in 0.00 ms.
Unloading 1949 Unused Serialized files (Serialized files now loaded: 0)
System memory in use before: 90.6 MB.
System memory in use after: 90.6 MB.

Unloading 13 unused Assets to reduce memory usage. Loaded Objects now: 2425.
Total: 19.353600 ms (FindLiveObjects: 0.444200 ms CreateObjectMapping: 0.113900 ms MarkObjects: 18.458300 ms  DeleteObjects: 0.333800 ms)

========================================================================
Received Prepare
Registering precompiled user dll's ...
Registered in 0.003129 seconds.
Begin MonoManager ReloadAssembly
Native extension for Lumin target not found
Native extension for WindowsStandalone target not found
Native extension for OSXStandalone target not found
Native extension for WebGL target not found
Refreshing native plugins compatible for Editor in 0.89 ms, found 1 plugins.
Preloading 0 native plugins for Editor in 0.00 ms.
Invoked RoslynAnalysisRunner static constructor.
RoslynAnalysisRunner will not be running.
RoslynAnalysisRunner has terminated.
Mono: successfully reloaded assembly
- Completed reload, in  2.356 seconds
Platform modules already initialized, skipping
Refreshing native plugins compatible for Editor in 2.36 ms, found 1 plugins.
Preloading 0 native plugins for Editor in 0.00 ms.
Unloading 1949 Unused Serialized files (Serialized files now loaded: 0)
System memory in use before: 90.6 MB.
System memory in use after: 90.6 MB.

Unloading 13 unused Assets to reduce memory usage. Loaded Objects now: 2428.
Total: 4.513900 ms (FindLiveObjects: 0.397500 ms CreateObjectMapping: 0.134200 ms MarkObjects: 3.723200 ms  DeleteObjects: 0.257100 ms)

========================================================================
Received Prepare
Registering precompiled user dll's ...
Registered in 0.002778 seconds.
Begin MonoManager ReloadAssembly
Native extension for Lumin target not found
Native extension for WindowsStandalone target not found
Native extension for OSXStandalone target not found
Native extension for WebGL target not found
Refreshing native plugins compatible for Editor in 1.13 ms, found 1 plugins.
Preloading 0 native plugins for Editor in 0.00 ms.
Invoked RoslynAnalysisRunner static constructor.
RoslynAnalysisRunner will not be running.
RoslynAnalysisRunner has terminated.
Mono: successfully reloaded assembly
- Completed reload, in  2.088 seconds
Platform modules already initialized, skipping
Refreshing native plugins compatible for Editor in 0.53 ms, found 1 plugins.
Preloading 0 native plugins for Editor in 0.00 ms.
Unloading 1949 Unused Serialized files (Serialized files now loaded: 0)
System memory in use before: 90.6 MB.
System memory in use after: 90.6 MB.

Unloading 13 unused Assets to reduce memory usage. Loaded Objects now: 2431.
Total: 3.356400 ms (FindLiveObjects: 0.271400 ms CreateObjectMapping: 0.131200 ms MarkObjects: 2.688200 ms  DeleteObjects: 0.262900 ms)

========================================================================
Received Prepare
Registering precompiled user dll's ...
Registered in 0.002557 seconds.
Begin MonoManager ReloadAssembly
Native extension for Lumin target not found
Native extension for WindowsStandalone target not found
Native extension for OSXStandalone target not found
Native extension for WebGL target not found
Refreshing native plugins compatible for Editor in 0.57 ms, found 1 plugins.
Preloading 0 native plugins for Editor in 0.00 ms.
Invoked RoslynAnalysisRunner static constructor.
RoslynAnalysisRunner will not be running.
RoslynAnalysisRunner has terminated.
Mono: successfully reloaded assembly
- Completed reload, in  2.408 seconds
Platform modules already initialized, skipping
Refreshing native plugins compatible for Editor in 0.85 ms, found 1 plugins.
Preloading 0 native plugins for Editor in 0.00 ms.
Unloading 1949 Unused Serialized files (Serialized files now loaded: 0)
System memory in use before: 90.6 MB.
System memory in use after: 90.6 MB.

Unloading 13 unused Assets to reduce memory usage. Loaded Objects now: 2434.
Total: 5.380600 ms (FindLiveObjects: 0.415900 ms CreateObjectMapping: 0.331700 ms MarkObjects: 4.428800 ms  DeleteObjects: 0.200700 ms)

========================================================================
Received Prepare
Registering precompiled user dll's ...
Registered in 0.003292 seconds.
Begin MonoManager ReloadAssembly
Native extension for Lumin target not found
Native extension for WindowsStandalone target not found
Native extension for OSXStandalone target not found
Native extension for WebGL target not found
Refreshing native plugins compatible for Editor in 0.96 ms, found 1 plugins.
Preloading 0 native plugins for Editor in 0.00 ms.
Invoked RoslynAnalysisRunner static constructor.
RoslynAnalysisRunner will not be running.
RoslynAnalysisRunner has terminated.
Mono: successfully reloaded assembly
- Completed reload, in  2.954 seconds
Platform modules already initialized, skipping
Refreshing native plugins compatible for Editor in 0.92 ms, found 1 plugins.
Preloading 0 native plugins for Editor in 0.00 ms.
Unloading 1949 Unused Serialized files (Serialized files now loaded: 0)
System memory in use before: 90.6 MB.
System memory in use after: 90.6 MB.

Unloading 13 unused Assets to reduce memory usage. Loaded Objects now: 2437.
Total: 5.559200 ms (FindLiveObjects: 0.834400 ms CreateObjectMapping: 0.275600 ms MarkObjects: 4.208200 ms  DeleteObjects: 0.237700 ms)

AssetImportWorkerClient::OnTransportError - code=2 error=End of file
