Using pre-set license
Built from '2020.2/staging' branch; Version is '2020.2.6f1 (8a2143876886) revision 9052483'; Using compiler version '192528614'; Build Type 'Release'
OS: 'Windows 10 Pro; OS build 19041.804; Version 2004; 64bit' Language: 'de' Physical Memory: 8113 MB
BatchMode: 1, IsHumanControllingUs: 0, StartBugReporterOnCrash: 0, Is64bit: 1, IsPro: 0

 COMMAND LINE ARGUMENTS:
C:\Program Files\Unity\Hub\Editor\2020.2.6f1\Editor\Unity.exe
-adb2
-batchMode
-noUpm
-name
AssetImportWorker3
-projectPath
C:/Users/Surface User/Desktop/Bachelorarbeit/InfluenceMapProject
-logFile
Logs/AssetImportWorker3.log
-srvPort
50893
Successfully changed project path to: C:/Users/Surface User/Desktop/Bachelorarbeit/InfluenceMapProject
C:/Users/Surface User/Desktop/Bachelorarbeit/InfluenceMapProject
Using Asset Import Pipeline V2.
Refreshing native plugins compatible for Editor in 212.98 ms, found 1 plugins.
Preloading 0 native plugins for Editor in 0.00 ms.
Initialize engine version: 2020.2.6f1 (8a2143876886)
[Subsystems] Discovering subsystems at path C:/Program Files/Unity/Hub/Editor/2020.2.6f1/Editor/Data/Resources/UnitySubsystems
[Subsystems] Discovering subsystems at path C:/Users/Surface User/Desktop/Bachelorarbeit/InfluenceMapProject/Assets
GfxDevice: creating device client; threaded=0
Direct3D:
    Version:  Direct3D 11.0 [level 11.1]
    Renderer: Intel(R) HD Graphics 520 (ID=0x1916)
    Vendor:   
    VRAM:     4056 MB
    Driver:   24.20.100.6299
Initialize mono
Mono path[0] = 'C:/Program Files/Unity/Hub/Editor/2020.2.6f1/Editor/Data/Managed'
Mono path[1] = 'C:/Program Files/Unity/Hub/Editor/2020.2.6f1/Editor/Data/MonoBleedingEdge/lib/mono/unityjit'
Mono config path = 'C:/Program Files/Unity/Hub/Editor/2020.2.6f1/Editor/Data/MonoBleedingEdge/etc'
Using monoOptions --debugger-agent=transport=dt_socket,embedding=1,server=y,suspend=n,address=127.0.0.1:56396
Begin MonoManager ReloadAssembly
Registering precompiled unity dll's ...
Register platform support module: C:/Program Files/Unity/Hub/Editor/2020.2.6f1/Editor/Data/PlaybackEngines/WebGLSupport/UnityEditor.WebGL.Extensions.dll
Register platform support module: C:/Program Files/Unity/Hub/Editor/2020.2.6f1/Editor/Data/PlaybackEngines/MacStandaloneSupport/UnityEditor.OSXStandalone.Extensions.dll
Register platform support module: C:/Program Files/Unity/Hub/Editor/2020.2.6f1/Editor/Data/PlaybackEngines/WindowsStandaloneSupport/UnityEditor.WindowsStandalone.Extensions.dll
Register platform support module: C:/Program Files/Unity/Hub/Editor/2020.2.6f1/Editor/Data/PlaybackEngines/LuminSupport/UnityEditor.Lumin.Extensions.dll
Registered in 0.007329 seconds.
Native extension for Lumin target not found
Native extension for WindowsStandalone target not found
Native extension for OSXStandalone target not found
Native extension for WebGL target not found
Refreshing native plugins compatible for Editor in 114.28 ms, found 1 plugins.
Preloading 0 native plugins for Editor in 0.00 ms.
Invoked RoslynAnalysisRunner static constructor.
RoslynAnalysisRunner will not be running.
RoslynAnalysisRunner has terminated.
Mono: successfully reloaded assembly
- Completed reload, in  6.159 seconds
Platform modules already initialized, skipping
Registering precompiled user dll's ...
Registered in 0.003163 seconds.
Begin MonoManager ReloadAssembly
Native extension for Lumin target not found
Native extension for WindowsStandalone target not found
Native extension for OSXStandalone target not found
Native extension for WebGL target not found
Refreshing native plugins compatible for Editor in 97.95 ms, found 1 plugins.
Preloading 0 native plugins for Editor in 0.00 ms.
Invoked RoslynAnalysisRunner static constructor.
RoslynAnalysisRunner will not be running.
RoslynAnalysisRunner has terminated.
Mono: successfully reloaded assembly
- Completed reload, in  2.167 seconds
Platform modules already initialized, skipping
========================================================================
Worker process is ready to serve import requests
Launched and connected shader compiler UnityShaderCompiler.exe after 0.19 seconds
Refreshing native plugins compatible for Editor in 0.81 ms, found 1 plugins.
Preloading 0 native plugins for Editor in 0.00 ms.
Unloading 1956 Unused Serialized files (Serialized files now loaded: 0)
System memory in use before: 90.9 MB.
System memory in use after: 90.9 MB.

Unloading 25 unused Assets to reduce memory usage. Loaded Objects now: 2399.
Total: 4.805000 ms (FindLiveObjects: 0.424200 ms CreateObjectMapping: 0.182000 ms MarkObjects: 3.914400 ms  DeleteObjects: 0.282100 ms)

========================================================================
Received Import Request.
  path: Assets/Prefabs/Squad Blue.prefab
  artifactKey: Guid(30566dc9035ab9c4fb50501bd9b0a7e3) Importer(815301076,1909f56bfc062723c751e8b465ee728b)
Start importing Assets/Prefabs/Squad Blue.prefab using Guid(30566dc9035ab9c4fb50501bd9b0a7e3) Importer(815301076,1909f56bfc062723c751e8b465ee728b)  -> (artifact id: 'b4ac4c08d93e884a026f284b5d3897fd') in 0.372481 seconds
  Import took 0.387533 seconds .

========================================================================
Received Import Request.
  Time since last request: 0.033297 seconds.
  path: Assets/Prefabs/Squad Red.prefab
  artifactKey: Guid(1dda7597d6a60334bbe2165f7ca3f834) Importer(815301076,1909f56bfc062723c751e8b465ee728b)
Start importing Assets/Prefabs/Squad Red.prefab using Guid(1dda7597d6a60334bbe2165f7ca3f834) Importer(815301076,1909f56bfc062723c751e8b465ee728b)  -> (artifact id: 'fdd262b0a806c463c1865eb19ad9a768') in 0.345110 seconds
  Import took 0.355535 seconds .

========================================================================
Received Prepare
Registering precompiled user dll's ...
Registered in 0.006746 seconds.
Begin MonoManager ReloadAssembly
Native extension for Lumin target not found
Native extension for WindowsStandalone target not found
Native extension for OSXStandalone target not found
Native extension for WebGL target not found
Refreshing native plugins compatible for Editor in 2.05 ms, found 1 plugins.
Preloading 0 native plugins for Editor in 0.00 ms.
Invoked RoslynAnalysisRunner static constructor.
RoslynAnalysisRunner will not be running.
RoslynAnalysisRunner has terminated.
Mono: successfully reloaded assembly
- Completed reload, in  4.353 seconds
Platform modules already initialized, skipping
Refreshing native plugins compatible for Editor in 0.87 ms, found 1 plugins.
Preloading 0 native plugins for Editor in 0.00 ms.
Unloading 1947 Unused Serialized files (Serialized files now loaded: 0)
System memory in use before: 90.6 MB.
System memory in use after: 90.6 MB.

Unloading 13 unused Assets to reduce memory usage. Loaded Objects now: 2402.
Total: 42.290500 ms (FindLiveObjects: 0.587700 ms CreateObjectMapping: 0.363000 ms MarkObjects: 41.006700 ms  DeleteObjects: 0.330800 ms)

========================================================================
Received Import Request.
  Time since last request: 37.490922 seconds.
  path: Assets/Prefabs/SharedAgent.prefab
  artifactKey: Guid(0ae3a127871f3184d9ba91b59994467c) Importer(815301076,1909f56bfc062723c751e8b465ee728b)
Start importing Assets/Prefabs/SharedAgent.prefab using Guid(0ae3a127871f3184d9ba91b59994467c) Importer(815301076,1909f56bfc062723c751e8b465ee728b)  -> (artifact id: '222467d2e4b5f356b4ea884327bf1cc9') in 0.871771 seconds
  Import took 0.883492 seconds .

========================================================================
Received Import Request.
  Time since last request: 8.489873 seconds.
  path: Assets/Prefabs/UnsharedAgent.prefab
  artifactKey: Guid(e3a7b5a8575bdd940985e64ddc87798f) Importer(815301076,1909f56bfc062723c751e8b465ee728b)
Start importing Assets/Prefabs/UnsharedAgent.prefab using Guid(e3a7b5a8575bdd940985e64ddc87798f) Importer(815301076,1909f56bfc062723c751e8b465ee728b)  -> (artifact id: '30ea3d63ae7b9d8eb532743119fdc6a9') in 0.089274 seconds
  Import took 0.101997 seconds .

========================================================================
Received Import Request.
  Time since last request: 14.748855 seconds.
  path: Assets/Prefabs/Squad Shared.prefab
  artifactKey: Guid(30566dc9035ab9c4fb50501bd9b0a7e3) Importer(815301076,1909f56bfc062723c751e8b465ee728b)
Start importing Assets/Prefabs/Squad Shared.prefab using Guid(30566dc9035ab9c4fb50501bd9b0a7e3) Importer(815301076,1909f56bfc062723c751e8b465ee728b)  -> (artifact id: '7abd4a0bf4014ae78117e7d8f9c4ec6d') in 0.065577 seconds
  Import took 0.079257 seconds .

========================================================================
Received Import Request.
  Time since last request: 25.544854 seconds.
  path: Assets/Prefabs/Squad Unshared.prefab
  artifactKey: Guid(1dda7597d6a60334bbe2165f7ca3f834) Importer(815301076,1909f56bfc062723c751e8b465ee728b)
Start importing Assets/Prefabs/Squad Unshared.prefab using Guid(1dda7597d6a60334bbe2165f7ca3f834) Importer(815301076,1909f56bfc062723c751e8b465ee728b)  -> (artifact id: '07039e8107c4e6da26bb93724adc7184') in 0.060485 seconds
  Import took 0.073556 seconds .

========================================================================
Received Import Request.
  Time since last request: 36.985703 seconds.
  path: Assets/Prefabs/SharedAgent.prefab
  artifactKey: Guid(0ae3a127871f3184d9ba91b59994467c) Importer(815301076,1909f56bfc062723c751e8b465ee728b)
Start importing Assets/Prefabs/SharedAgent.prefab using Guid(0ae3a127871f3184d9ba91b59994467c) Importer(815301076,1909f56bfc062723c751e8b465ee728b)  -> (artifact id: 'b2138b6d62584f807f4aea6b10cb1ba2') in 0.085576 seconds
  Import took 0.096052 seconds .

========================================================================
Received Import Request.
  Time since last request: 8.010924 seconds.
  path: Assets/Prefabs/UnsharedAgent.prefab
  artifactKey: Guid(e3a7b5a8575bdd940985e64ddc87798f) Importer(815301076,1909f56bfc062723c751e8b465ee728b)
Start importing Assets/Prefabs/UnsharedAgent.prefab using Guid(e3a7b5a8575bdd940985e64ddc87798f) Importer(815301076,1909f56bfc062723c751e8b465ee728b)  -> (artifact id: '6bf2041142d4c736ac5760d6757a7255') in 0.083223 seconds
  Import took 0.094678 seconds .

========================================================================
Received Import Request.
  Time since last request: 7.205467 seconds.
  path: Assets/Prefabs/Bullet.prefab
  artifactKey: Guid(1378250376b86bb438d6b0ff0fa2ca72) Importer(815301076,1909f56bfc062723c751e8b465ee728b)
Start importing Assets/Prefabs/Bullet.prefab using Guid(1378250376b86bb438d6b0ff0fa2ca72) Importer(815301076,1909f56bfc062723c751e8b465ee728b)  -> (artifact id: '2c340a54e175f51239095bd6f33b3190') in 0.103878 seconds
  Import took 0.117885 seconds .

========================================================================
Received Prepare
Registering precompiled user dll's ...
Registered in 0.006184 seconds.
Begin MonoManager ReloadAssembly
Native extension for Lumin target not found
Native extension for WindowsStandalone target not found
Native extension for OSXStandalone target not found
Native extension for WebGL target not found
Refreshing native plugins compatible for Editor in 1.22 ms, found 1 plugins.
Preloading 0 native plugins for Editor in 0.00 ms.
Invoked RoslynAnalysisRunner static constructor.
RoslynAnalysisRunner will not be running.
RoslynAnalysisRunner has terminated.
Mono: successfully reloaded assembly
- Completed reload, in  2.716 seconds
Platform modules already initialized, skipping
Refreshing native plugins compatible for Editor in 0.91 ms, found 1 plugins.
Preloading 0 native plugins for Editor in 0.00 ms.
Unloading 1947 Unused Serialized files (Serialized files now loaded: 0)
System memory in use before: 93.7 MB.
System memory in use after: 93.7 MB.

Unloading 13 unused Assets to reduce memory usage. Loaded Objects now: 2412.
Total: 4.286300 ms (FindLiveObjects: 0.386300 ms CreateObjectMapping: 0.164000 ms MarkObjects: 3.551900 ms  DeleteObjects: 0.181700 ms)

========================================================================
Received Import Request.
  Time since last request: 49.754646 seconds.
  path: Assets/Prefabs/Squad Unshared.prefab
  artifactKey: Guid(1dda7597d6a60334bbe2165f7ca3f834) Importer(815301076,1909f56bfc062723c751e8b465ee728b)
Start importing Assets/Prefabs/Squad Unshared.prefab using Guid(1dda7597d6a60334bbe2165f7ca3f834) Importer(815301076,1909f56bfc062723c751e8b465ee728b)  -> (artifact id: '68f6fc442a27177fbe124f07954aceae') in 0.067053 seconds
  Import took 0.078431 seconds .

========================================================================
Received Prepare
Registering precompiled user dll's ...
Registered in 0.005023 seconds.
Begin MonoManager ReloadAssembly
Native extension for Lumin target not found
Native extension for WindowsStandalone target not found
Native extension for OSXStandalone target not found
Native extension for WebGL target not found
Refreshing native plugins compatible for Editor in 1.01 ms, found 1 plugins.
Preloading 0 native plugins for Editor in 0.00 ms.
Invoked RoslynAnalysisRunner static constructor.
RoslynAnalysisRunner will not be running.
RoslynAnalysisRunner has terminated.
Mono: successfully reloaded assembly
- Completed reload, in  4.571 seconds
Platform modules already initialized, skipping
Refreshing native plugins compatible for Editor in 1.20 ms, found 1 plugins.
Preloading 0 native plugins for Editor in 0.00 ms.
Unloading 1947 Unused Serialized files (Serialized files now loaded: 0)
System memory in use before: 93.7 MB.
System memory in use after: 93.7 MB.

Unloading 13 unused Assets to reduce memory usage. Loaded Objects now: 2415.
Total: 5.194000 ms (FindLiveObjects: 0.596300 ms CreateObjectMapping: 0.203300 ms MarkObjects: 4.173400 ms  DeleteObjects: 0.218100 ms)

========================================================================
Received Prepare
Registering precompiled user dll's ...
Registered in 0.028982 seconds.
Begin MonoManager ReloadAssembly
Native extension for Lumin target not found
Native extension for WindowsStandalone target not found
Native extension for OSXStandalone target not found
Native extension for WebGL target not found
Refreshing native plugins compatible for Editor in 2.13 ms, found 1 plugins.
Preloading 0 native plugins for Editor in 0.01 ms.
Invoked RoslynAnalysisRunner static constructor.
RoslynAnalysisRunner will not be running.
RoslynAnalysisRunner has terminated.
Mono: successfully reloaded assembly
- Completed reload, in  4.035 seconds
Platform modules already initialized, skipping
Refreshing native plugins compatible for Editor in 1.09 ms, found 1 plugins.
Preloading 0 native plugins for Editor in 0.00 ms.
Unloading 1947 Unused Serialized files (Serialized files now loaded: 0)
System memory in use before: 93.8 MB.
System memory in use after: 93.7 MB.

Unloading 13 unused Assets to reduce memory usage. Loaded Objects now: 2418.
Total: 4.378400 ms (FindLiveObjects: 0.612600 ms CreateObjectMapping: 0.337800 ms MarkObjects: 3.209800 ms  DeleteObjects: 0.216300 ms)

========================================================================
Received Import Request.
  Time since last request: 1685.139619 seconds.
  path: Assets/Prefabs/Squad Unshared.prefab
  artifactKey: Guid(1dda7597d6a60334bbe2165f7ca3f834) Importer(815301076,1909f56bfc062723c751e8b465ee728b)
Start importing Assets/Prefabs/Squad Unshared.prefab using Guid(1dda7597d6a60334bbe2165f7ca3f834) Importer(815301076,1909f56bfc062723c751e8b465ee728b)  -> (artifact id: '24f63d7b6b14610309f5f2d8efd0b70d') in 0.186751 seconds
  Import took 0.202988 seconds .

========================================================================
Received Import Request.
  Time since last request: 3.195821 seconds.
  path: Assets/Prefabs/Squad Unshared.prefab
  artifactKey: Guid(1dda7597d6a60334bbe2165f7ca3f834) Importer(815301076,1909f56bfc062723c751e8b465ee728b)
Start importing Assets/Prefabs/Squad Unshared.prefab using Guid(1dda7597d6a60334bbe2165f7ca3f834) Importer(815301076,1909f56bfc062723c751e8b465ee728b)  -> (artifact id: '6011f76bd36409a33723d4d30c936ac7') in 0.078878 seconds
  Import took 0.091350 seconds .

========================================================================
Received Import Request.
  Time since last request: 8.710892 seconds.
  path: Assets/Prefabs/Squad Shared.prefab
  artifactKey: Guid(30566dc9035ab9c4fb50501bd9b0a7e3) Importer(815301076,1909f56bfc062723c751e8b465ee728b)
Start importing Assets/Prefabs/Squad Shared.prefab using Guid(30566dc9035ab9c4fb50501bd9b0a7e3) Importer(815301076,1909f56bfc062723c751e8b465ee728b)  -> (artifact id: '60320416e2d91d5e48318eb8dc7c3cf3') in 0.030050 seconds
  Import took 0.044167 seconds .

========================================================================
Received Import Request.
  Time since last request: 7.870438 seconds.
  path: Assets/Prefabs/Squad Shared.prefab
  artifactKey: Guid(30566dc9035ab9c4fb50501bd9b0a7e3) Importer(815301076,1909f56bfc062723c751e8b465ee728b)
Start importing Assets/Prefabs/Squad Shared.prefab using Guid(30566dc9035ab9c4fb50501bd9b0a7e3) Importer(815301076,1909f56bfc062723c751e8b465ee728b)  -> (artifact id: 'd56cbed466e5b14b9ab5f27d0fae55d0') in 0.040807 seconds
  Import took 0.071696 seconds .

========================================================================
Received Import Request.
  Time since last request: 2.782810 seconds.
  path: Assets/Prefabs/Squad Shared.prefab
  artifactKey: Guid(30566dc9035ab9c4fb50501bd9b0a7e3) Importer(815301076,1909f56bfc062723c751e8b465ee728b)
Start importing Assets/Prefabs/Squad Shared.prefab using Guid(30566dc9035ab9c4fb50501bd9b0a7e3) Importer(815301076,1909f56bfc062723c751e8b465ee728b)  -> (artifact id: 'ab2ea2b2134a073d0c4a57e7764fdf5a') in 0.068275 seconds
  Import took 0.090115 seconds .

========================================================================
Received Prepare
Registering precompiled user dll's ...
Registered in 0.033771 seconds.
Begin MonoManager ReloadAssembly
Native extension for Lumin target not found
Native extension for WindowsStandalone target not found
Native extension for OSXStandalone target not found
Native extension for WebGL target not found
Refreshing native plugins compatible for Editor in 0.97 ms, found 1 plugins.
Preloading 0 native plugins for Editor in 0.00 ms.
Invoked RoslynAnalysisRunner static constructor.
RoslynAnalysisRunner will not be running.
RoslynAnalysisRunner has terminated.
Mono: successfully reloaded assembly
- Completed reload, in  3.274 seconds
Platform modules already initialized, skipping
Refreshing native plugins compatible for Editor in 0.70 ms, found 1 plugins.
Preloading 0 native plugins for Editor in 0.00 ms.
Unloading 1947 Unused Serialized files (Serialized files now loaded: 0)
System memory in use before: 93.8 MB.
System memory in use after: 93.8 MB.

Unloading 13 unused Assets to reduce memory usage. Loaded Objects now: 2421.
Total: 5.648600 ms (FindLiveObjects: 0.534000 ms CreateObjectMapping: 0.248400 ms MarkObjects: 4.575600 ms  DeleteObjects: 0.289100 ms)

========================================================================
Received Prepare
Registering precompiled user dll's ...
Registered in 0.005207 seconds.
Begin MonoManager ReloadAssembly
Native extension for Lumin target not found
Native extension for WindowsStandalone target not found
Native extension for OSXStandalone target not found
Native extension for WebGL target not found
Refreshing native plugins compatible for Editor in 1.01 ms, found 1 plugins.
Preloading 0 native plugins for Editor in 0.00 ms.
Invoked RoslynAnalysisRunner static constructor.
RoslynAnalysisRunner will not be running.
RoslynAnalysisRunner has terminated.
Mono: successfully reloaded assembly
- Completed reload, in  3.967 seconds
Platform modules already initialized, skipping
Refreshing native plugins compatible for Editor in 0.87 ms, found 1 plugins.
Preloading 0 native plugins for Editor in 0.00 ms.
Unloading 1947 Unused Serialized files (Serialized files now loaded: 0)
System memory in use before: 93.8 MB.
System memory in use after: 93.8 MB.

Unloading 13 unused Assets to reduce memory usage. Loaded Objects now: 2424.
Total: 4.898200 ms (FindLiveObjects: 0.417900 ms CreateObjectMapping: 0.191800 ms MarkObjects: 4.081700 ms  DeleteObjects: 0.205100 ms)

========================================================================
Received Prepare
Registering precompiled user dll's ...
Registered in 0.004439 seconds.
Begin MonoManager ReloadAssembly
Native extension for Lumin target not found
Native extension for WindowsStandalone target not found
Native extension for OSXStandalone target not found
Native extension for WebGL target not found
Refreshing native plugins compatible for Editor in 1.02 ms, found 1 plugins.
Preloading 0 native plugins for Editor in 0.00 ms.
Invoked RoslynAnalysisRunner static constructor.
RoslynAnalysisRunner will not be running.
RoslynAnalysisRunner has terminated.
Mono: successfully reloaded assembly
- Completed reload, in  3.033 seconds
Platform modules already initialized, skipping
Refreshing native plugins compatible for Editor in 0.94 ms, found 1 plugins.
Preloading 0 native plugins for Editor in 0.00 ms.
Unloading 1947 Unused Serialized files (Serialized files now loaded: 0)
System memory in use before: 93.8 MB.
System memory in use after: 93.8 MB.

Unloading 13 unused Assets to reduce memory usage. Loaded Objects now: 2427.
Total: 6.943500 ms (FindLiveObjects: 1.490900 ms CreateObjectMapping: 0.724800 ms MarkObjects: 4.486800 ms  DeleteObjects: 0.238900 ms)

========================================================================
Received Prepare
Registering precompiled user dll's ...
Registered in 0.003618 seconds.
Begin MonoManager ReloadAssembly
Native extension for Lumin target not found
Native extension for WindowsStandalone target not found
Native extension for OSXStandalone target not found
Native extension for WebGL target not found
Refreshing native plugins compatible for Editor in 0.79 ms, found 1 plugins.
Preloading 0 native plugins for Editor in 0.00 ms.
Invoked RoslynAnalysisRunner static constructor.
RoslynAnalysisRunner will not be running.
RoslynAnalysisRunner has terminated.
Mono: successfully reloaded assembly
- Completed reload, in  4.159 seconds
Platform modules already initialized, skipping
Refreshing native plugins compatible for Editor in 5.63 ms, found 1 plugins.
Preloading 0 native plugins for Editor in 0.00 ms.
Unloading 1947 Unused Serialized files (Serialized files now loaded: 0)
System memory in use before: 93.8 MB.
System memory in use after: 93.8 MB.

Unloading 13 unused Assets to reduce memory usage. Loaded Objects now: 2430.
Total: 6.760700 ms (FindLiveObjects: 0.540100 ms CreateObjectMapping: 0.239300 ms MarkObjects: 5.722200 ms  DeleteObjects: 0.256700 ms)

========================================================================
Received Import Request.
  Time since last request: 463.402810 seconds.
  path: Packages/com.unity.ide.rider/Rider/Editor/com.unity.ide.rider.asmdef
  artifactKey: Guid(d528c8c98d269ca44a06cd9624a03945) Importer(815301076,1909f56bfc062723c751e8b465ee728b)
Start importing Packages/com.unity.ide.rider/Rider/Editor/com.unity.ide.rider.asmdef using Guid(d528c8c98d269ca44a06cd9624a03945) Importer(815301076,1909f56bfc062723c751e8b465ee728b)  -> (artifact id: 'b087fd1a4eb097858f678c28ea317b04') in 0.133606 seconds
  Import took 0.142281 seconds .

========================================================================
Received Import Request.
  Time since last request: 0.000324 seconds.
  path: Packages/com.unity.ide.visualstudio/Editor/com.unity.ide.visualstudio.asmdef
  artifactKey: Guid(b93f844d45cfcc44fa2b0eed5c9ec6bb) Importer(815301076,1909f56bfc062723c751e8b465ee728b)
Start importing Packages/com.unity.ide.visualstudio/Editor/com.unity.ide.visualstudio.asmdef using Guid(b93f844d45cfcc44fa2b0eed5c9ec6bb) Importer(815301076,1909f56bfc062723c751e8b465ee728b)  -> (artifact id: 'f6681256da2efefc34fe6baf156d771f') in 0.023293 seconds
  Import took 0.136296 seconds .

========================================================================
Received Import Request.
  Time since last request: 0.000347 seconds.
  path: Packages/com.unity.2d.sprite/Editor/Unity.2D.Sprite.Editor.asmdef
  artifactKey: Guid(2c573e6b271651846a79655161004c5b) Importer(815301076,1909f56bfc062723c751e8b465ee728b)
Start importing Packages/com.unity.2d.sprite/Editor/Unity.2D.Sprite.Editor.asmdef using Guid(2c573e6b271651846a79655161004c5b) Importer(815301076,1909f56bfc062723c751e8b465ee728b)  -> (artifact id: '77f6e4ac5f8641776c2e850e0017f176') in 0.084964 seconds
  Import took 0.093267 seconds .

========================================================================
Received Import Request.
  Time since last request: 0.000352 seconds.
  path: Packages/com.unity.2d.common/Editor/Unity.2D.Common.Editor.asmdef
  artifactKey: Guid(bd2461be96e5f744bbe6bdbc5276eb61) Importer(815301076,1909f56bfc062723c751e8b465ee728b)
Start importing Packages/com.unity.2d.common/Editor/Unity.2D.Common.Editor.asmdef using Guid(bd2461be96e5f744bbe6bdbc5276eb61) Importer(815301076,1909f56bfc062723c751e8b465ee728b)  -> (artifact id: '7bdfb41631264b07d36732c499459534') in 0.061060 seconds
  Import took 0.075100 seconds .

========================================================================
Received Import Request.
  Time since last request: 0.000120 seconds.
  path: Packages/com.unity.2d.psdimporter/Editor/Unity.2D.Psdimporter.Editor.asmdef
  artifactKey: Guid(bcb706ca0f6dd48449aa27a93faa899c) Importer(815301076,1909f56bfc062723c751e8b465ee728b)
Start importing Packages/com.unity.2d.psdimporter/Editor/Unity.2D.Psdimporter.Editor.asmdef using Guid(bcb706ca0f6dd48449aa27a93faa899c) Importer(815301076,1909f56bfc062723c751e8b465ee728b)  -> (artifact id: 'b58cc2e9255e69815144147d9e879633') in 0.078337 seconds
  Import took 0.108749 seconds .

========================================================================
Received Import Request.
  Time since last request: 0.000459 seconds.
  path: Packages/com.unity.2d.tilemap/Editor/Unity.2D.Tilemap.Editor.asmdef
  artifactKey: Guid(3a9781db4804a9945b9883f3a7c46d45) Importer(815301076,1909f56bfc062723c751e8b465ee728b)
Start importing Packages/com.unity.2d.tilemap/Editor/Unity.2D.Tilemap.Editor.asmdef using Guid(3a9781db4804a9945b9883f3a7c46d45) Importer(815301076,1909f56bfc062723c751e8b465ee728b)  -> (artifact id: 'a4e6a2acce10c29fd87255bb6d8c5f42') in 0.074617 seconds
  Import took 0.100642 seconds .

========================================================================
Received Import Request.
  Time since last request: 0.000336 seconds.
  path: Packages/com.unity.2d.common/Tests/Editor/Unity.2D.Common.EditorTests.asmdef
  artifactKey: Guid(03bfc083748b8452197dde3b8ea7fbba) Importer(815301076,1909f56bfc062723c751e8b465ee728b)
Start importing Packages/com.unity.2d.common/Tests/Editor/Unity.2D.Common.EditorTests.asmdef using Guid(03bfc083748b8452197dde3b8ea7fbba) Importer(815301076,1909f56bfc062723c751e8b465ee728b)  -> (artifact id: '54e1787b05633c04023a86be0f782ee6') in 0.068462 seconds
  Import took 0.087802 seconds .

========================================================================
Received Import Request.
  Time since last request: 0.000469 seconds.
  path: Packages/com.unity.2d.tilemap/Tests/Editor/Unity.2D.Tilemap.Package.EditorTests.asmdef
  artifactKey: Guid(8ce1fc14411aade4b81c0e6dd86950be) Importer(815301076,1909f56bfc062723c751e8b465ee728b)
Start importing Packages/com.unity.2d.tilemap/Tests/Editor/Unity.2D.Tilemap.Package.EditorTests.asmdef using Guid(8ce1fc14411aade4b81c0e6dd86950be) Importer(815301076,1909f56bfc062723c751e8b465ee728b)  -> (artifact id: '29aec0d70aa1febb021b08920f6f5623') in 0.089398 seconds
  Import took 0.100074 seconds .

========================================================================
Received Import Request.
  Time since last request: 0.000190 seconds.
  path: Packages/com.unity.2d.animation/Runtime/Triangle/Unity.2D.Animation.Triangle.Runtime.asmdef
  artifactKey: Guid(1326b228b72a84c9e8f697fb10022596) Importer(815301076,1909f56bfc062723c751e8b465ee728b)
Start importing Packages/com.unity.2d.animation/Runtime/Triangle/Unity.2D.Animation.Triangle.Runtime.asmdef using Guid(1326b228b72a84c9e8f697fb10022596) Importer(815301076,1909f56bfc062723c751e8b465ee728b)  -> (artifact id: '5380da5f0983f7d8d7928b561eeeffa6') in 0.052284 seconds
  Import took 0.132751 seconds .

========================================================================
Received Import Request.
  Time since last request: 0.000582 seconds.
  path: Packages/com.unity.2d.psdimporter/Tests/EditorTests/Unity.2D.Psdimporter.EditorTests.asmdef
  artifactKey: Guid(782c623a3cbd6d940be3a3bcf0d4604b) Importer(815301076,1909f56bfc062723c751e8b465ee728b)
Start importing Packages/com.unity.2d.psdimporter/Tests/EditorTests/Unity.2D.Psdimporter.EditorTests.asmdef using Guid(782c623a3cbd6d940be3a3bcf0d4604b) Importer(815301076,1909f56bfc062723c751e8b465ee728b)  -> (artifact id: '75fb00dfd1c90682843863d839df6e6d') in 0.140337 seconds
  Import took 0.167864 seconds .

========================================================================
Received Import Request.
  Time since last request: 0.000431 seconds.
  path: Packages/com.unity.2d.animation/Editor/Unity.2D.Animation.Editor.asmdef
  artifactKey: Guid(7e93558c536f24149a3181fbe0a14523) Importer(815301076,1909f56bfc062723c751e8b465ee728b)
Start importing Packages/com.unity.2d.animation/Editor/Unity.2D.Animation.Editor.asmdef using Guid(7e93558c536f24149a3181fbe0a14523) Importer(815301076,1909f56bfc062723c751e8b465ee728b)  -> (artifact id: '9c31d2b2081fb67dd6beb2ed2350042c') in 0.028460 seconds
  Import took 0.039002 seconds .

========================================================================
Received Import Request.
  Time since last request: 0.000316 seconds.
  path: Packages/com.unity.2d.pixel-perfect/Tests/Editor/Unity.2D.PixelPerfect.Editor.Tests.asmdef
  artifactKey: Guid(888ba06868b62bb45b21a41f77c036c7) Importer(815301076,1909f56bfc062723c751e8b465ee728b)
Start importing Packages/com.unity.2d.pixel-perfect/Tests/Editor/Unity.2D.PixelPerfect.Editor.Tests.asmdef using Guid(888ba06868b62bb45b21a41f77c036c7) Importer(815301076,1909f56bfc062723c751e8b465ee728b)  -> (artifact id: 'c0054998c47aae96e29bc10044cb7c0d') in 0.147870 seconds
  Import took 0.160867 seconds .

========================================================================
Received Import Request.
  Time since last request: 0.025394 seconds.
  path: Packages/com.unity.2d.pixel-perfect/Tests/Runtime/Unity.2D.PixelPerfect.Tests.asmdef
  artifactKey: Guid(50f280b851a50ca4fa74c5ccf0e75bf0) Importer(815301076,1909f56bfc062723c751e8b465ee728b)
Start importing Packages/com.unity.2d.pixel-perfect/Tests/Runtime/Unity.2D.PixelPerfect.Tests.asmdef using Guid(50f280b851a50ca4fa74c5ccf0e75bf0) Importer(815301076,1909f56bfc062723c751e8b465ee728b)  -> (artifact id: 'ca762f9887a31ac790b1891a01b92960') in 0.083628 seconds
  Import took 0.094744 seconds .

========================================================================
Received Import Request.
  Time since last request: 0.000333 seconds.
  path: Packages/com.unity.2d.spriteshape/Runtime/Unity.2D.SpriteShape.Runtime.asmdef
  artifactKey: Guid(caccfbdb442cdc64fa722b4c5585521f) Importer(815301076,1909f56bfc062723c751e8b465ee728b)
Start importing Packages/com.unity.2d.spriteshape/Runtime/Unity.2D.SpriteShape.Runtime.asmdef using Guid(caccfbdb442cdc64fa722b4c5585521f) Importer(815301076,1909f56bfc062723c751e8b465ee728b)  -> (artifact id: 'b5863e83202044a05a558a507c84fa2a') in 0.114587 seconds
  Import took 0.120718 seconds .

========================================================================
Received Import Request.
  Time since last request: 0.000356 seconds.
  path: Packages/com.unity.2d.animation/IK/Editor/Unity.2D.IK.Editor.asmdef
  artifactKey: Guid(4237adb6ac177124b8f4a94835b7b4d0) Importer(815301076,1909f56bfc062723c751e8b465ee728b)
Start importing Packages/com.unity.2d.animation/IK/Editor/Unity.2D.IK.Editor.asmdef using Guid(4237adb6ac177124b8f4a94835b7b4d0) Importer(815301076,1909f56bfc062723c751e8b465ee728b)  -> (artifact id: '009ec2c78119808b7938f0e748670a71') in 0.073367 seconds
  Import took 0.148661 seconds .

========================================================================
Received Import Request.
  Time since last request: 0.000499 seconds.
  path: Packages/com.unity.sysroot/Tests/Editor/Unity.Sysroot.EditorTests.asmdef
  artifactKey: Guid(4b746f9393832b79384ac03cddf8eb94) Importer(815301076,1909f56bfc062723c751e8b465ee728b)
Start importing Packages/com.unity.sysroot/Tests/Editor/Unity.Sysroot.EditorTests.asmdef using Guid(4b746f9393832b79384ac03cddf8eb94) Importer(815301076,1909f56bfc062723c751e8b465ee728b)  -> (artifact id: '22e5aca01ddc13312752abe26ba5b610') in 0.056645 seconds
  Import took 0.091515 seconds .

========================================================================
Received Import Request.
  Time since last request: 0.000166 seconds.
  path: Packages/com.unity.ide.vscode/Editor/Unity.com.unity.vscode.Editor.asmdef
  artifactKey: Guid(8b845b123ab418448a8be2935fa804e0) Importer(815301076,1909f56bfc062723c751e8b465ee728b)
Start importing Packages/com.unity.ide.vscode/Editor/Unity.com.unity.vscode.Editor.asmdef using Guid(8b845b123ab418448a8be2935fa804e0) Importer(815301076,1909f56bfc062723c751e8b465ee728b)  -> (artifact id: '9443b5a0c37eafeb6bf45ffcc57ef18f') in 0.068985 seconds
  Import took 0.098066 seconds .

========================================================================
Received Import Request.
  Time since last request: 0.000560 seconds.
  path: Packages/com.unity.textmeshpro/Tests/Runtime/Unity.TextMeshPro.Tests.asmdef
  artifactKey: Guid(bb05cab7d802aa5468f8f2f86840d984) Importer(815301076,1909f56bfc062723c751e8b465ee728b)
Start importing Packages/com.unity.textmeshpro/Tests/Runtime/Unity.TextMeshPro.Tests.asmdef using Guid(bb05cab7d802aa5468f8f2f86840d984) Importer(815301076,1909f56bfc062723c751e8b465ee728b)  -> (artifact id: '1714c51f076250de965d6cc3442d628d') in 0.059038 seconds
  Import took 0.084807 seconds .

========================================================================
Received Import Request.
  Time since last request: 0.000473 seconds.
  path: Packages/com.unity.ugui/Tests/Runtime/UnityEngine.UI.Tests.asmdef
  artifactKey: Guid(e9745f6a32442194c8dc5a43e9ab86f9) Importer(815301076,1909f56bfc062723c751e8b465ee728b)
Start importing Packages/com.unity.ugui/Tests/Runtime/UnityEngine.UI.Tests.asmdef using Guid(e9745f6a32442194c8dc5a43e9ab86f9) Importer(815301076,1909f56bfc062723c751e8b465ee728b)  -> (artifact id: 'd68958605ef04835b1983ebf524933ed') in 0.098527 seconds
  Import took 0.138173 seconds .

========================================================================
Received Import Request.
  Time since last request: 0.000663 seconds.
  path: Packages/com.unity.textmeshpro/Scripts/Runtime/Unity.TextMeshPro.asmdef
  artifactKey: Guid(6055be8ebefd69e48b49212b09b47b2f) Importer(815301076,1909f56bfc062723c751e8b465ee728b)
Start importing Packages/com.unity.textmeshpro/Scripts/Runtime/Unity.TextMeshPro.asmdef using Guid(6055be8ebefd69e48b49212b09b47b2f) Importer(815301076,1909f56bfc062723c751e8b465ee728b)  -> (artifact id: 'fa5169195a56f80f4131610d2752be87') in 0.111761 seconds
  Import took 0.127139 seconds .

========================================================================
Received Import Request.
  Time since last request: 0.000447 seconds.
  path: Packages/com.unity.test-framework/UnityEngine.TestRunner/UnityEngine.TestRunner.asmdef
  artifactKey: Guid(27619889b8ba8c24980f49ee34dbb44a) Importer(815301076,1909f56bfc062723c751e8b465ee728b)
Start importing Packages/com.unity.test-framework/UnityEngine.TestRunner/UnityEngine.TestRunner.asmdef using Guid(27619889b8ba8c24980f49ee34dbb44a) Importer(815301076,1909f56bfc062723c751e8b465ee728b)  -> (artifact id: '05be94e76be4a87d6a21750bc30b0899') in 0.059927 seconds
  Import took 0.082590 seconds .

========================================================================
Received Import Request.
  Time since last request: 0.000463 seconds.
  path: Packages/com.unity.sysroot.linux-x86_64/Editor/Unity.Sysroot.Linux-x86_64.asmdef
  artifactKey: Guid(7bb4ea1d3f6d64e25ac0b0dd565b23aa) Importer(815301076,1909f56bfc062723c751e8b465ee728b)
Start importing Packages/com.unity.sysroot.linux-x86_64/Editor/Unity.Sysroot.Linux-x86_64.asmdef using Guid(7bb4ea1d3f6d64e25ac0b0dd565b23aa) Importer(815301076,1909f56bfc062723c751e8b465ee728b)  -> (artifact id: '75d31141f00df9bee1f426b7d806ff14') in 0.088187 seconds
  Import took 0.113054 seconds .

========================================================================
Received Import Request.
  Time since last request: 0.000361 seconds.
  path: Packages/com.unity.toolchain.win-x86_64-linux-x86_64/Editor/Unity.Toolchain.Win-x86_64-Linux-x86_64.asmdef
  artifactKey: Guid(68bfd7c08bc7767da91fb572a65e3982) Importer(815301076,1909f56bfc062723c751e8b465ee728b)
Start importing Packages/com.unity.toolchain.win-x86_64-linux-x86_64/Editor/Unity.Toolchain.Win-x86_64-Linux-x86_64.asmdef using Guid(68bfd7c08bc7767da91fb572a65e3982) Importer(815301076,1909f56bfc062723c751e8b465ee728b)  -> (artifact id: '5bca00ac8b26f6425a89f95d8ba2a5e2') in 0.088864 seconds
  Import took 0.098456 seconds .

========================================================================
Received Import Request.
  Time since last request: 0.000120 seconds.
  path: Packages/com.unity.textmeshpro/Scripts/Editor/Unity.TextMeshPro.Editor.asmdef
  artifactKey: Guid(6546d7765b4165b40850b3667f981c26) Importer(815301076,1909f56bfc062723c751e8b465ee728b)
Start importing Packages/com.unity.textmeshpro/Scripts/Editor/Unity.TextMeshPro.Editor.asmdef using Guid(6546d7765b4165b40850b3667f981c26) Importer(815301076,1909f56bfc062723c751e8b465ee728b)  -> (artifact id: 'ae91da3db4b552c406a61c2a9eff27b3') in 0.098999 seconds
  Import took 0.111027 seconds .

========================================================================
Received Import Request.
  Time since last request: 0.000459 seconds.
  path: Packages/com.unity.timeline/Editor/Unity.Timeline.Editor.asmdef
  artifactKey: Guid(02f771204943f4a40949438e873e3eff) Importer(815301076,1909f56bfc062723c751e8b465ee728b)
Start importing Packages/com.unity.timeline/Editor/Unity.Timeline.Editor.asmdef using Guid(02f771204943f4a40949438e873e3eff) Importer(815301076,1909f56bfc062723c751e8b465ee728b)  -> (artifact id: '7e0661d03839d229ede5f941d2393e85') in 0.096004 seconds
  Import took 0.123054 seconds .

========================================================================
Received Import Request.
  Time since last request: 0.000435 seconds.
  path: Packages/com.unity.ugui/Runtime/UnityEngine.UI.asmdef
  artifactKey: Guid(2bafac87e7f4b9b418d9448d219b01ab) Importer(815301076,1909f56bfc062723c751e8b465ee728b)
Start importing Packages/com.unity.ugui/Runtime/UnityEngine.UI.asmdef using Guid(2bafac87e7f4b9b418d9448d219b01ab) Importer(815301076,1909f56bfc062723c751e8b465ee728b)  -> (artifact id: '8a2180c979f061f26a56f8563d377551') in 0.073558 seconds
  Import took 0.091732 seconds .

========================================================================
Received Import Request.
  Time since last request: 0.000345 seconds.
  path: Packages/com.unity.2d.path/Editor/Unity.2D.Path.Editor.asmdef
  artifactKey: Guid(4237adb6ac177124b8f4a94835b7b455) Importer(815301076,1909f56bfc062723c751e8b465ee728b)
Start importing Packages/com.unity.2d.path/Editor/Unity.2D.Path.Editor.asmdef using Guid(4237adb6ac177124b8f4a94835b7b455) Importer(815301076,1909f56bfc062723c751e8b465ee728b)  -> (artifact id: '12ba101b9c47bce4e3c19c691c1aa617') in 0.087608 seconds
  Import took 0.114874 seconds .

========================================================================
Received Import Request.
  Time since last request: 0.000146 seconds.
  path: Packages/com.unity.2d.path/Tests/Unity.2D.Path.Tests.asmdef
  artifactKey: Guid(6d12c3e51f4c89149908f5b37ad1301c) Importer(815301076,1909f56bfc062723c751e8b465ee728b)
Start importing Packages/com.unity.2d.path/Tests/Unity.2D.Path.Tests.asmdef using Guid(6d12c3e51f4c89149908f5b37ad1301c) Importer(815301076,1909f56bfc062723c751e8b465ee728b)  -> (artifact id: '162e2b2bbf19cd97f6b6092bd5bd67c1') in 0.090671 seconds
  Import took 0.101352 seconds .

========================================================================
Received Import Request.
  Time since last request: 0.000360 seconds.
  path: Packages/com.unity.collab-proxy/Tests/Editor/Unity.CollabProxy.EditorTests.asmdef
  artifactKey: Guid(88c7566234a7f32409f05c32e6ae7b3e) Importer(815301076,1909f56bfc062723c751e8b465ee728b)
Start importing Packages/com.unity.collab-proxy/Tests/Editor/Unity.CollabProxy.EditorTests.asmdef using Guid(88c7566234a7f32409f05c32e6ae7b3e) Importer(815301076,1909f56bfc062723c751e8b465ee728b)  -> (artifact id: '77e58d0caad0e0f37880cf800e6c563e') in 0.089138 seconds
  Import took 0.102286 seconds .

========================================================================
Received Import Request.
  Time since last request: 0.000340 seconds.
  path: Packages/com.unity.2d.pixel-perfect/Editor/Unity.2D.PixelPerfect.Editor.asmdef
  artifactKey: Guid(2543b18169f9e4044a266a0bf35fe4cf) Importer(815301076,1909f56bfc062723c751e8b465ee728b)
Start importing Packages/com.unity.2d.pixel-perfect/Editor/Unity.2D.PixelPerfect.Editor.asmdef using Guid(2543b18169f9e4044a266a0bf35fe4cf) Importer(815301076,1909f56bfc062723c751e8b465ee728b)  -> (artifact id: 'c9c1dfab273288b9bea36b34a782756a') in 0.092496 seconds
  Import took 0.101489 seconds .

========================================================================
Received Import Request.
  Time since last request: 0.000392 seconds.
  path: Packages/com.unity.mathematics/Unity.Mathematics/Unity.Mathematics.asmdef
  artifactKey: Guid(d8b63aba1907145bea998dd612889d6b) Importer(815301076,1909f56bfc062723c751e8b465ee728b)
Start importing Packages/com.unity.mathematics/Unity.Mathematics/Unity.Mathematics.asmdef using Guid(d8b63aba1907145bea998dd612889d6b) Importer(815301076,1909f56bfc062723c751e8b465ee728b)  -> (artifact id: 'f159fbc998a85a017cbd6bb3a3e47e7a') in 0.105378 seconds
  Import took 0.115340 seconds .

========================================================================
Received Import Request.
  Time since last request: 0.000310 seconds.
  path: Packages/com.unity.sysroot.linux-x86_64/Tests/Editor/Unity.Sysroot.Linux-x86_64.EditorTests.asmdef
  artifactKey: Guid(1ac444c25ae4642a2b37c1c9156d384f) Importer(815301076,1909f56bfc062723c751e8b465ee728b)
Start importing Packages/com.unity.sysroot.linux-x86_64/Tests/Editor/Unity.Sysroot.Linux-x86_64.EditorTests.asmdef using Guid(1ac444c25ae4642a2b37c1c9156d384f) Importer(815301076,1909f56bfc062723c751e8b465ee728b)  -> (artifact id: '0096e2f39f04a4be8b7fdefdd254e359') in 0.111238 seconds
  Import took 0.145049 seconds .

========================================================================
Received Import Request.
  Time since last request: 0.008459 seconds.
  path: Packages/com.unity.2d.animation/Tests/Editor/Unity.2D.Animation.EditorTests.asmdef
  artifactKey: Guid(ba283300490772f4f8d1f69efcb7c60f) Importer(815301076,1909f56bfc062723c751e8b465ee728b)
Start importing Packages/com.unity.2d.animation/Tests/Editor/Unity.2D.Animation.EditorTests.asmdef using Guid(ba283300490772f4f8d1f69efcb7c60f) Importer(815301076,1909f56bfc062723c751e8b465ee728b)  -> (artifact id: '6a36ba67fd907790e5b9f9e4abbeb15e') in 0.106607 seconds
  Import took 0.119769 seconds .

========================================================================
Received Import Request.
  Time since last request: 0.012252 seconds.
  path: Packages/com.unity.2d.common/Runtime/Unity.2D.Common.Runtime.asmdef
  artifactKey: Guid(c3352a8bbbe14fb4ab52ae7bfff927ea) Importer(815301076,1909f56bfc062723c751e8b465ee728b)
Start importing Packages/com.unity.2d.common/Runtime/Unity.2D.Common.Runtime.asmdef using Guid(c3352a8bbbe14fb4ab52ae7bfff927ea) Importer(815301076,1909f56bfc062723c751e8b465ee728b)  -> (artifact id: 'a17e002b0b4ba6f309f639cb56bcc028') in 0.093336 seconds
  Import took 0.103138 seconds .

========================================================================
Received Import Request.
  Time since last request: 0.000431 seconds.
  path: Packages/com.unity.2d.pixel-perfect/Runtime/Unity.2D.PixelPerfect.asmdef
  artifactKey: Guid(476f7c6c6dfeed041b063446a926e656) Importer(815301076,1909f56bfc062723c751e8b465ee728b)
Start importing Packages/com.unity.2d.pixel-perfect/Runtime/Unity.2D.PixelPerfect.asmdef using Guid(476f7c6c6dfeed041b063446a926e656) Importer(815301076,1909f56bfc062723c751e8b465ee728b)  -> (artifact id: 'd547c8c6f30ad5413c895a91b3283e7e') in 0.081084 seconds
  Import took 0.102558 seconds .

========================================================================
Received Import Request.
  Time since last request: 0.000328 seconds.
  path: Packages/com.unity.sysroot/Editor/Unity.SysrootPackage.Editor.asmdef
  artifactKey: Guid(435a4e0ece4e23c4882730a295bbd8cd) Importer(815301076,1909f56bfc062723c751e8b465ee728b)
Start importing Packages/com.unity.sysroot/Editor/Unity.SysrootPackage.Editor.asmdef using Guid(435a4e0ece4e23c4882730a295bbd8cd) Importer(815301076,1909f56bfc062723c751e8b465ee728b)  -> (artifact id: '96bfc0677fb82e21ced9329539d7135f') in 0.164334 seconds
  Import took 0.174304 seconds .

========================================================================
Received Import Request.
  Time since last request: 0.000272 seconds.
  path: Packages/com.unity.mathematics/Unity.Mathematics.Editor/Unity.Mathematics.Editor.asmdef
  artifactKey: Guid(329b4ccd385744985bf3f83cfd77dfe7) Importer(815301076,1909f56bfc062723c751e8b465ee728b)
Start importing Packages/com.unity.mathematics/Unity.Mathematics.Editor/Unity.Mathematics.Editor.asmdef using Guid(329b4ccd385744985bf3f83cfd77dfe7) Importer(815301076,1909f56bfc062723c751e8b465ee728b)  -> (artifact id: '2b6c4eeb516e0c91ae2e6639a572b944') in 0.097967 seconds
  Import took 0.107229 seconds .

========================================================================
Received Import Request.
  Time since last request: 0.000326 seconds.
  path: Packages/com.unity.mathematics/Tests/Unity.Mathematics.Tests.asmdef
  artifactKey: Guid(904d80dccad704a3f95e42bd0ad5d960) Importer(815301076,1909f56bfc062723c751e8b465ee728b)
Start importing Packages/com.unity.mathematics/Tests/Unity.Mathematics.Tests.asmdef using Guid(904d80dccad704a3f95e42bd0ad5d960) Importer(815301076,1909f56bfc062723c751e8b465ee728b)  -> (artifact id: 'd01d9c93a32f53d7d0f33463b7029f92') in 0.093151 seconds
  Import took 0.105785 seconds .

========================================================================
Received Import Request.
  Time since last request: 0.000420 seconds.
  path: Packages/com.unity.2d.sprite/Tests/Editor/Unity.2D.Sprite.Package.EditorTests.asmdef
  artifactKey: Guid(52648b72c7bef2040bf0cfa8dd0f74da) Importer(815301076,1909f56bfc062723c751e8b465ee728b)
Start importing Packages/com.unity.2d.sprite/Tests/Editor/Unity.2D.Sprite.Package.EditorTests.asmdef using Guid(52648b72c7bef2040bf0cfa8dd0f74da) Importer(815301076,1909f56bfc062723c751e8b465ee728b)  -> (artifact id: '7b50b032919844a7d8b9245f864317b3') in 0.090846 seconds
  Import took 0.106624 seconds .

========================================================================
Received Import Request.
  Time since last request: 0.000181 seconds.
  path: Packages/com.unity.textmeshpro/Tests/Editor/Unity.TextMeshPro.Editor.Tests.asmdef
  artifactKey: Guid(656e461844099ae43a609ff6109b0877) Importer(815301076,1909f56bfc062723c751e8b465ee728b)
Start importing Packages/com.unity.textmeshpro/Tests/Editor/Unity.TextMeshPro.Editor.Tests.asmdef using Guid(656e461844099ae43a609ff6109b0877) Importer(815301076,1909f56bfc062723c751e8b465ee728b)  -> (artifact id: 'cf24637b40df619b2f89f67360bc3685') in 0.345307 seconds
  Import took 0.359056 seconds .

========================================================================
Received Import Request.
  Time since last request: 0.000596 seconds.
  path: Packages/com.unity.collab-proxy/Editor/Unity.CollabProxy.Editor.asmdef
  artifactKey: Guid(17b36165d09634a48bf5a0e4bb27f4bd) Importer(815301076,1909f56bfc062723c751e8b465ee728b)
Start importing Packages/com.unity.collab-proxy/Editor/Unity.CollabProxy.Editor.asmdef using Guid(17b36165d09634a48bf5a0e4bb27f4bd) Importer(815301076,1909f56bfc062723c751e8b465ee728b)  -> (artifact id: '6c98dff2c85bf1f99f8b907a7a156c51') in 0.052653 seconds
  Import took 0.131388 seconds .

========================================================================
Received Import Request.
  Time since last request: 0.000368 seconds.
  path: Packages/com.unity.ugui/Tests/Editor/UnityEditor.UI.EditorTests.asmdef
  artifactKey: Guid(7c04f0dfa9243c04681a55d90d3ff3fc) Importer(815301076,1909f56bfc062723c751e8b465ee728b)
Start importing Packages/com.unity.ugui/Tests/Editor/UnityEditor.UI.EditorTests.asmdef using Guid(7c04f0dfa9243c04681a55d90d3ff3fc) Importer(815301076,1909f56bfc062723c751e8b465ee728b)  -> (artifact id: 'e90ab638a72726505e6b097cc2419d1f') in 0.098099 seconds
  Import took 0.107083 seconds .

========================================================================
Received Import Request.
  Time since last request: 0.000361 seconds.
  path: Packages/com.unity.ugui/Editor/UnityEditor.UI.asmdef
  artifactKey: Guid(343deaaf83e0cee4ca978e7df0b80d21) Importer(815301076,1909f56bfc062723c751e8b465ee728b)
Start importing Packages/com.unity.ugui/Editor/UnityEditor.UI.asmdef using Guid(343deaaf83e0cee4ca978e7df0b80d21) Importer(815301076,1909f56bfc062723c751e8b465ee728b)  -> (artifact id: '152838a4b952653ac3729b06fe0103cd') in 0.073111 seconds
  Import took 0.083327 seconds .

========================================================================
Received Import Request.
  Time since last request: 0.000772 seconds.
  path: Packages/com.unity.test-framework/UnityEditor.TestRunner/UnityEditor.TestRunner.asmdef
  artifactKey: Guid(0acc523941302664db1f4e527237feb3) Importer(815301076,1909f56bfc062723c751e8b465ee728b)
Start importing Packages/com.unity.test-framework/UnityEditor.TestRunner/UnityEditor.TestRunner.asmdef using Guid(0acc523941302664db1f4e527237feb3) Importer(815301076,1909f56bfc062723c751e8b465ee728b)  -> (artifact id: '8c9f939ace88452fff180b1f944f00ae') in 0.077008 seconds
  Import took 0.108283 seconds .

========================================================================
Received Import Request.
  Time since last request: 0.000426 seconds.
  path: Packages/com.unity.2d.animation/Runtime/Unity.2D.Animation.Runtime.asmdef
  artifactKey: Guid(41524c21c95e5fe4dbc5b48bd21995a4) Importer(815301076,1909f56bfc062723c751e8b465ee728b)
Start importing Packages/com.unity.2d.animation/Runtime/Unity.2D.Animation.Runtime.asmdef using Guid(41524c21c95e5fe4dbc5b48bd21995a4) Importer(815301076,1909f56bfc062723c751e8b465ee728b)  -> (artifact id: '525207dc1fe1b1004deb763169c79d96') in 0.103263 seconds
  Import took 0.111793 seconds .

========================================================================
Received Import Request.
  Time since last request: 0.000373 seconds.
  path: Packages/com.unity.2d.animation/IK/Runtime/Unity.2D.IK.Runtime.asmdef
  artifactKey: Guid(88f14d179e7c91c4eac28302d69f32e1) Importer(815301076,1909f56bfc062723c751e8b465ee728b)
Start importing Packages/com.unity.2d.animation/IK/Runtime/Unity.2D.IK.Runtime.asmdef using Guid(88f14d179e7c91c4eac28302d69f32e1) Importer(815301076,1909f56bfc062723c751e8b465ee728b)  -> (artifact id: 'c824fcca710a92ce30c667b48f7c4238') in 0.079791 seconds
  Import took 0.094866 seconds .

========================================================================
Received Import Request.
  Time since last request: 0.000359 seconds.
  path: Packages/com.unity.2d.spriteshape/Editor/Unity.2D.SpriteShape.Editor.asmdef
  artifactKey: Guid(bfbb4a459210651499d21f444f9b55fd) Importer(815301076,1909f56bfc062723c751e8b465ee728b)
Start importing Packages/com.unity.2d.spriteshape/Editor/Unity.2D.SpriteShape.Editor.asmdef using Guid(bfbb4a459210651499d21f444f9b55fd) Importer(815301076,1909f56bfc062723c751e8b465ee728b)  -> (artifact id: 'aee26c7f504a2c7fd87e54ffe49a9924') in 0.071181 seconds
  Import took 0.083802 seconds .

========================================================================
Received Import Request.
  Time since last request: 0.001640 seconds.
  path: Packages/com.unity.timeline/Runtime/Unity.Timeline.asmdef
  artifactKey: Guid(f06555f75b070af458a003d92f9efb00) Importer(815301076,1909f56bfc062723c751e8b465ee728b)
Start importing Packages/com.unity.timeline/Runtime/Unity.Timeline.asmdef using Guid(f06555f75b070af458a003d92f9efb00) Importer(815301076,1909f56bfc062723c751e8b465ee728b)  -> (artifact id: '6d1264cacd5af65a97942f0621bd962c') in 0.099003 seconds
  Import took 0.118745 seconds .

========================================================================
Received Import Request.
  Time since last request: 0.000349 seconds.
  path: Packages/com.unity.2d.spriteshape/Tests/Editor/Unity.2D.SpriteShape.EditorTests.asmdef
  artifactKey: Guid(03bfc083748b8452197dde3b8ea7f575) Importer(815301076,1909f56bfc062723c751e8b465ee728b)
Start importing Packages/com.unity.2d.spriteshape/Tests/Editor/Unity.2D.SpriteShape.EditorTests.asmdef using Guid(03bfc083748b8452197dde3b8ea7f575) Importer(815301076,1909f56bfc062723c751e8b465ee728b)  -> (artifact id: 'a1c3cf8c136cf4511f820ead3f11e776') in 0.085476 seconds
  Import took 0.094756 seconds .

========================================================================
Received Import Request.
  Time since last request: 0.000333 seconds.
  path: Packages/com.unity.toolchain.win-x86_64-linux-x86_64/Tests/Editor/Unity.Toolchain.Win-x86_64-Linux-x86_64.EditorTests.asmdef
  artifactKey: Guid(8d9d6e39e8738fafebfe2e89f3288703) Importer(815301076,1909f56bfc062723c751e8b465ee728b)
Start importing Packages/com.unity.toolchain.win-x86_64-linux-x86_64/Tests/Editor/Unity.Toolchain.Win-x86_64-Linux-x86_64.EditorTests.asmdef using Guid(8d9d6e39e8738fafebfe2e89f3288703) Importer(815301076,1909f56bfc062723c751e8b465ee728b)  -> (artifact id: 'b29e5ca2cb43a60df98887b66f12d876') in 0.076304 seconds
  Import took 0.118275 seconds .

========================================================================
Received Prepare
Registering precompiled user dll's ...
Registered in 0.004408 seconds.
Begin MonoManager ReloadAssembly
Native extension for Lumin target not found
Native extension for WindowsStandalone target not found
Native extension for OSXStandalone target not found
Native extension for WebGL target not found
Refreshing native plugins compatible for Editor in 1.06 ms, found 1 plugins.
Preloading 0 native plugins for Editor in 0.00 ms.
Invoked RoslynAnalysisRunner static constructor.
RoslynAnalysisRunner will not be running.
RoslynAnalysisRunner has terminated.
Mono: successfully reloaded assembly
- Completed reload, in  3.504 seconds
Platform modules already initialized, skipping
Refreshing native plugins compatible for Editor in 1.88 ms, found 1 plugins.
Preloading 0 native plugins for Editor in 0.00 ms.
Unloading 1947 Unused Serialized files (Serialized files now loaded: 0)
System memory in use before: 93.8 MB.
System memory in use after: 93.8 MB.

Unloading 13 unused Assets to reduce memory usage. Loaded Objects now: 2433.
Total: 18.336800 ms (FindLiveObjects: 3.635700 ms CreateObjectMapping: 0.421700 ms MarkObjects: 14.017500 ms  DeleteObjects: 0.259000 ms)

========================================================================
Received Import Request.
  Time since last request: 23.077644 seconds.
  path: Assets/Prefabs/SharedAgent.prefab
  artifactKey: Guid(0ae3a127871f3184d9ba91b59994467c) Importer(815301076,1909f56bfc062723c751e8b465ee728b)
Start importing Assets/Prefabs/SharedAgent.prefab using Guid(0ae3a127871f3184d9ba91b59994467c) Importer(815301076,1909f56bfc062723c751e8b465ee728b)  -> (artifact id: 'be553eea12d0d6a9dbaa84125ee6a60f') in 0.632441 seconds
  Import took 0.642787 seconds .

========================================================================
Received Import Request.
  Time since last request: 0.000183 seconds.
  path: Assets/Prefabs/UnsharedAgent.prefab
  artifactKey: Guid(e3a7b5a8575bdd940985e64ddc87798f) Importer(815301076,1909f56bfc062723c751e8b465ee728b)
Start importing Assets/Prefabs/UnsharedAgent.prefab using Guid(e3a7b5a8575bdd940985e64ddc87798f) Importer(815301076,1909f56bfc062723c751e8b465ee728b)  -> (artifact id: '35c00bec95410271ac86a74d04da8b2b') in 0.438018 seconds
  Import took 0.451421 seconds .

========================================================================
Received Prepare
Registering precompiled user dll's ...
Registered in 0.003253 seconds.
Begin MonoManager ReloadAssembly
Native extension for Lumin target not found
Native extension for WindowsStandalone target not found
Native extension for OSXStandalone target not found
Native extension for WebGL target not found
Refreshing native plugins compatible for Editor in 1.43 ms, found 1 plugins.
Preloading 0 native plugins for Editor in 0.00 ms.
Invoked RoslynAnalysisRunner static constructor.
RoslynAnalysisRunner will not be running.
RoslynAnalysisRunner has terminated.
Mono: successfully reloaded assembly
- Completed reload, in  4.080 seconds
Platform modules already initialized, skipping
Refreshing native plugins compatible for Editor in 1.23 ms, found 1 plugins.
Preloading 0 native plugins for Editor in 0.00 ms.
Unloading 1947 Unused Serialized files (Serialized files now loaded: 0)
System memory in use before: 93.8 MB.
System memory in use after: 93.8 MB.

Unloading 13 unused Assets to reduce memory usage. Loaded Objects now: 2437.
Total: 5.645600 ms (FindLiveObjects: 0.510900 ms CreateObjectMapping: 0.215100 ms MarkObjects: 4.669600 ms  DeleteObjects: 0.247900 ms)

========================================================================
Received Prepare
Registering precompiled user dll's ...
Registered in 0.004920 seconds.
Begin MonoManager ReloadAssembly
Native extension for Lumin target not found
Native extension for WindowsStandalone target not found
Native extension for OSXStandalone target not found
Native extension for WebGL target not found
Refreshing native plugins compatible for Editor in 0.92 ms, found 1 plugins.
Preloading 0 native plugins for Editor in 0.00 ms.
Invoked RoslynAnalysisRunner static constructor.
RoslynAnalysisRunner will not be running.
RoslynAnalysisRunner has terminated.
Mono: successfully reloaded assembly
- Completed reload, in  3.098 seconds
Platform modules already initialized, skipping
Refreshing native plugins compatible for Editor in 0.97 ms, found 1 plugins.
Preloading 0 native plugins for Editor in 0.00 ms.
Unloading 1947 Unused Serialized files (Serialized files now loaded: 0)
System memory in use before: 93.8 MB.
System memory in use after: 93.8 MB.

Unloading 13 unused Assets to reduce memory usage. Loaded Objects now: 2440.
Total: 6.108100 ms (FindLiveObjects: 0.538300 ms CreateObjectMapping: 0.235800 ms MarkObjects: 5.024800 ms  DeleteObjects: 0.307300 ms)

========================================================================
Received Prepare
Registering precompiled user dll's ...
Registered in 0.003966 seconds.
Begin MonoManager ReloadAssembly
Native extension for Lumin target not found
Native extension for WindowsStandalone target not found
Native extension for OSXStandalone target not found
Native extension for WebGL target not found
Refreshing native plugins compatible for Editor in 0.98 ms, found 1 plugins.
Preloading 0 native plugins for Editor in 0.00 ms.
Invoked RoslynAnalysisRunner static constructor.
RoslynAnalysisRunner will not be running.
RoslynAnalysisRunner has terminated.
Mono: successfully reloaded assembly
- Completed reload, in  3.319 seconds
Platform modules already initialized, skipping
Refreshing native plugins compatible for Editor in 1.01 ms, found 1 plugins.
Preloading 0 native plugins for Editor in 0.00 ms.
Unloading 1947 Unused Serialized files (Serialized files now loaded: 0)
System memory in use before: 93.9 MB.
System memory in use after: 93.8 MB.

Unloading 13 unused Assets to reduce memory usage. Loaded Objects now: 2443.
Total: 7.150500 ms (FindLiveObjects: 0.540000 ms CreateObjectMapping: 0.246100 ms MarkObjects: 6.075100 ms  DeleteObjects: 0.287500 ms)

========================================================================
Received Prepare
Registering precompiled user dll's ...
Registered in 0.005005 seconds.
Begin MonoManager ReloadAssembly
Native extension for Lumin target not found
Native extension for WindowsStandalone target not found
Native extension for OSXStandalone target not found
Native extension for WebGL target not found
Refreshing native plugins compatible for Editor in 0.94 ms, found 1 plugins.
Preloading 0 native plugins for Editor in 0.00 ms.
Invoked RoslynAnalysisRunner static constructor.
RoslynAnalysisRunner will not be running.
RoslynAnalysisRunner has terminated.
Mono: successfully reloaded assembly
- Completed reload, in  3.945 seconds
Platform modules already initialized, skipping
Refreshing native plugins compatible for Editor in 2.14 ms, found 1 plugins.
Preloading 0 native plugins for Editor in 0.00 ms.
Unloading 1947 Unused Serialized files (Serialized files now loaded: 0)
System memory in use before: 93.9 MB.
System memory in use after: 93.9 MB.

Unloading 13 unused Assets to reduce memory usage. Loaded Objects now: 2446.
Total: 7.708400 ms (FindLiveObjects: 1.076000 ms CreateObjectMapping: 0.256600 ms MarkObjects: 6.128300 ms  DeleteObjects: 0.244300 ms)

========================================================================
Received Prepare
Registering precompiled user dll's ...
Registered in 0.006705 seconds.
Begin MonoManager ReloadAssembly
Native extension for Lumin target not found
Native extension for WindowsStandalone target not found
Native extension for OSXStandalone target not found
Native extension for WebGL target not found
Refreshing native plugins compatible for Editor in 1.17 ms, found 1 plugins.
Preloading 0 native plugins for Editor in 0.00 ms.
Invoked RoslynAnalysisRunner static constructor.
RoslynAnalysisRunner will not be running.
RoslynAnalysisRunner has terminated.
Mono: successfully reloaded assembly
- Completed reload, in  5.032 seconds
Platform modules already initialized, skipping
Refreshing native plugins compatible for Editor in 1.04 ms, found 1 plugins.
Preloading 0 native plugins for Editor in 0.00 ms.
Unloading 1948 Unused Serialized files (Serialized files now loaded: 0)
System memory in use before: 93.9 MB.
System memory in use after: 93.9 MB.

Unloading 13 unused Assets to reduce memory usage. Loaded Objects now: 2450.
Total: 10.795900 ms (FindLiveObjects: 1.855600 ms CreateObjectMapping: 0.467700 ms MarkObjects: 8.127100 ms  DeleteObjects: 0.342100 ms)

========================================================================
Received Import Request.
  Time since last request: 752.220254 seconds.
  path: Assets/Prefabs/IterationManager.prefab
  artifactKey: Guid(5b72103f9b7bc4b4590492f84f1945d8) Importer(815301076,1909f56bfc062723c751e8b465ee728b)
Start importing Assets/Prefabs/IterationManager.prefab using Guid(5b72103f9b7bc4b4590492f84f1945d8) Importer(815301076,1909f56bfc062723c751e8b465ee728b)  -> (artifact id: '0f0a4def6edb4e4bb120e58aae0a1837') in 0.154968 seconds
  Import took 0.167132 seconds .

========================================================================
Received Prepare
Registering precompiled user dll's ...
Registered in 0.004089 seconds.
Begin MonoManager ReloadAssembly
Native extension for Lumin target not found
Native extension for WindowsStandalone target not found
Native extension for OSXStandalone target not found
Native extension for WebGL target not found
Refreshing native plugins compatible for Editor in 3.15 ms, found 1 plugins.
Preloading 0 native plugins for Editor in 0.00 ms.
Invoked RoslynAnalysisRunner static constructor.
RoslynAnalysisRunner will not be running.
RoslynAnalysisRunner has terminated.
Mono: successfully reloaded assembly
- Completed reload, in  5.520 seconds
Platform modules already initialized, skipping
Refreshing native plugins compatible for Editor in 1.33 ms, found 1 plugins.
Preloading 0 native plugins for Editor in 0.00 ms.
Unloading 1948 Unused Serialized files (Serialized files now loaded: 0)
System memory in use before: 93.9 MB.
System memory in use after: 93.9 MB.

Unloading 13 unused Assets to reduce memory usage. Loaded Objects now: 2453.
Total: 7.950900 ms (FindLiveObjects: 0.476600 ms CreateObjectMapping: 0.174500 ms MarkObjects: 6.985700 ms  DeleteObjects: 0.311000 ms)

========================================================================
Received Import Request.
  Time since last request: 582.677255 seconds.
  path: Assets/ExcelParser.cs
  artifactKey: Guid(0c465d5273972d34e842dd94f5eed7a2) Importer(815301076,1909f56bfc062723c751e8b465ee728b)
Start importing Assets/ExcelParser.cs using Guid(0c465d5273972d34e842dd94f5eed7a2) Importer(815301076,1909f56bfc062723c751e8b465ee728b)  -> (artifact id: '5d755fc153ba1d0fed0f9d3e45f337f6') in 0.750777 seconds
  Import took 1.171167 seconds .

========================================================================
Received Prepare
Registering precompiled user dll's ...
Registered in 0.006384 seconds.
Begin MonoManager ReloadAssembly
Native extension for Lumin target not found
Native extension for WindowsStandalone target not found
Native extension for OSXStandalone target not found
Native extension for WebGL target not found
Refreshing native plugins compatible for Editor in 0.85 ms, found 1 plugins.
Preloading 0 native plugins for Editor in 0.00 ms.
Invoked RoslynAnalysisRunner static constructor.
RoslynAnalysisRunner will not be running.
RoslynAnalysisRunner has terminated.
Mono: successfully reloaded assembly
- Completed reload, in  4.231 seconds
Platform modules already initialized, skipping
Refreshing native plugins compatible for Editor in 1.23 ms, found 1 plugins.
Preloading 0 native plugins for Editor in 0.00 ms.
Unloading 1949 Unused Serialized files (Serialized files now loaded: 0)
System memory in use before: 93.9 MB.
System memory in use after: 93.9 MB.

Unloading 13 unused Assets to reduce memory usage. Loaded Objects now: 2457.
Total: 9.553400 ms (FindLiveObjects: 0.543100 ms CreateObjectMapping: 0.352300 ms MarkObjects: 8.289000 ms  DeleteObjects: 0.366600 ms)

