Using pre-set license
Built from '2020.2/staging' branch; Version is '2020.2.6f1 (8a2143876886) revision 9052483'; Using compiler version '192528614'; Build Type 'Release'
OS: 'Windows 10 Pro; OS build 19041.804; Version 2004; 64bit' Language: 'de' Physical Memory: 8113 MB
BatchMode: 1, IsHumanControllingUs: 0, StartBugReporterOnCrash: 0, Is64bit: 1, IsPro: 0

 COMMAND LINE ARGUMENTS:
C:\Program Files\Unity\Hub\Editor\2020.2.6f1\Editor\Unity.exe
-adb2
-batchMode
-noUpm
-name
AssetImportWorker0
-projectPath
C:/Users/Surface User/Desktop/Bachelorarbeit/InfluenceMapProject
-logFile
Logs/AssetImportWorker0.log
-srvPort
52932
Successfully changed project path to: C:/Users/Surface User/Desktop/Bachelorarbeit/InfluenceMapProject
C:/Users/Surface User/Desktop/Bachelorarbeit/InfluenceMapProject
Using Asset Import Pipeline V2.
Refreshing native plugins compatible for Editor in 107.82 ms, found 1 plugins.
Preloading 0 native plugins for Editor in 0.00 ms.
Initialize engine version: 2020.2.6f1 (8a2143876886)
[Subsystems] Discovering subsystems at path C:/Program Files/Unity/Hub/Editor/2020.2.6f1/Editor/Data/Resources/UnitySubsystems
[Subsystems] Discovering subsystems at path C:/Users/Surface User/Desktop/Bachelorarbeit/InfluenceMapProject/Assets
GfxDevice: creating device client; threaded=0
Direct3D:
    Version:  Direct3D 11.0 [level 11.1]
    Renderer: Intel(R) HD Graphics 520 (ID=0x1916)
    Vendor:   
    VRAM:     4056 MB
    Driver:   24.20.100.6299
Initialize mono
Mono path[0] = 'C:/Program Files/Unity/Hub/Editor/2020.2.6f1/Editor/Data/Managed'
Mono path[1] = 'C:/Program Files/Unity/Hub/Editor/2020.2.6f1/Editor/Data/MonoBleedingEdge/lib/mono/unityjit'
Mono config path = 'C:/Program Files/Unity/Hub/Editor/2020.2.6f1/Editor/Data/MonoBleedingEdge/etc'
Using monoOptions --debugger-agent=transport=dt_socket,embedding=1,server=y,suspend=n,address=127.0.0.1:56912
Begin MonoManager ReloadAssembly
Registering precompiled unity dll's ...
Register platform support module: C:/Program Files/Unity/Hub/Editor/2020.2.6f1/Editor/Data/PlaybackEngines/WebGLSupport/UnityEditor.WebGL.Extensions.dll
Register platform support module: C:/Program Files/Unity/Hub/Editor/2020.2.6f1/Editor/Data/PlaybackEngines/MacStandaloneSupport/UnityEditor.OSXStandalone.Extensions.dll
Register platform support module: C:/Program Files/Unity/Hub/Editor/2020.2.6f1/Editor/Data/PlaybackEngines/WindowsStandaloneSupport/UnityEditor.WindowsStandalone.Extensions.dll
Register platform support module: C:/Program Files/Unity/Hub/Editor/2020.2.6f1/Editor/Data/PlaybackEngines/LuminSupport/UnityEditor.Lumin.Extensions.dll
Registered in 0.010170 seconds.
Native extension for Lumin target not found
Native extension for WindowsStandalone target not found
Native extension for OSXStandalone target not found
Native extension for WebGL target not found
Refreshing native plugins compatible for Editor in 100.67 ms, found 1 plugins.
Preloading 0 native plugins for Editor in 0.00 ms.
Invoked RoslynAnalysisRunner static constructor.
RoslynAnalysisRunner will not be running.
RoslynAnalysisRunner has terminated.
Mono: successfully reloaded assembly
- Completed reload, in 10.286 seconds
Platform modules already initialized, skipping
Registering precompiled user dll's ...
Registered in 0.003899 seconds.
Begin MonoManager ReloadAssembly
Native extension for Lumin target not found
Native extension for WindowsStandalone target not found
Native extension for OSXStandalone target not found
Native extension for WebGL target not found
Refreshing native plugins compatible for Editor in 138.21 ms, found 1 plugins.
Preloading 0 native plugins for Editor in 0.00 ms.
Invoked RoslynAnalysisRunner static constructor.
RoslynAnalysisRunner will not be running.
RoslynAnalysisRunner has terminated.
Mono: successfully reloaded assembly
- Completed reload, in  3.358 seconds
Platform modules already initialized, skipping
========================================================================
Worker process is ready to serve import requests
Launched and connected shader compiler UnityShaderCompiler.exe after 0.19 seconds
Refreshing native plugins compatible for Editor in 0.88 ms, found 1 plugins.
Preloading 0 native plugins for Editor in 0.00 ms.
Unloading 1951 Unused Serialized files (Serialized files now loaded: 0)
System memory in use before: 90.7 MB.
System memory in use after: 90.6 MB.

Unloading 25 unused Assets to reduce memory usage. Loaded Objects now: 2394.
Total: 4.739400 ms (FindLiveObjects: 0.586900 ms CreateObjectMapping: 0.208900 ms MarkObjects: 3.714500 ms  DeleteObjects: 0.227600 ms)

========================================================================
Received Import Request.
  path: Assets/_ScriptableObjects/Transition/Point Transition.asset
  artifactKey: Guid(06d0278fc4b11e3459bf5dddd24558a2) Importer(815301076,1909f56bfc062723c751e8b465ee728b)
Start importing Assets/_ScriptableObjects/Transition/Point Transition.asset using Guid(06d0278fc4b11e3459bf5dddd24558a2) Importer(815301076,1909f56bfc062723c751e8b465ee728b)  -> (artifact id: '5599d6935594854ad02d800a4a625b68') in 0.239957 seconds
  Import took 0.251011 seconds .

========================================================================
Received Import Request.
  Time since last request: 5.818255 seconds.
  path: Assets/_ScriptableObjects/Transition/Point Transition Negative.asset
  artifactKey: Guid(d8ce2ec96520fc945931364b6ed70b8a) Importer(815301076,1909f56bfc062723c751e8b465ee728b)
Start importing Assets/_ScriptableObjects/Transition/Point Transition Negative.asset using Guid(d8ce2ec96520fc945931364b6ed70b8a) Importer(815301076,1909f56bfc062723c751e8b465ee728b)  -> (artifact id: 'a3af032a198f359a073f690061f78f98') in 0.068135 seconds
  Import took 0.083289 seconds .

========================================================================
Received Import Request.
  Time since last request: 0.006467 seconds.
  path: Assets/_ScriptableObjects/Transition/Point Transition Negative.asset
  artifactKey: Guid(d8ce2ec96520fc945931364b6ed70b8a) Importer(815301076,1909f56bfc062723c751e8b465ee728b)
Start importing Assets/_ScriptableObjects/Transition/Point Transition Negative.asset using Guid(d8ce2ec96520fc945931364b6ed70b8a) Importer(815301076,1909f56bfc062723c751e8b465ee728b)  -> (artifact id: 'a3af032a198f359a073f690061f78f98') in 0.017074 seconds
  Import took 0.028688 seconds .

========================================================================
Received Prepare
Registering precompiled user dll's ...
Registered in 0.003383 seconds.
Begin MonoManager ReloadAssembly
Native extension for Lumin target not found
Native extension for WindowsStandalone target not found
Native extension for OSXStandalone target not found
Native extension for WebGL target not found
Refreshing native plugins compatible for Editor in 2.60 ms, found 1 plugins.
Preloading 0 native plugins for Editor in 0.00 ms.
Invoked RoslynAnalysisRunner static constructor.
RoslynAnalysisRunner will not be running.
RoslynAnalysisRunner has terminated.
Mono: successfully reloaded assembly
- Completed reload, in  4.425 seconds
Platform modules already initialized, skipping
Refreshing native plugins compatible for Editor in 0.87 ms, found 1 plugins.
Preloading 0 native plugins for Editor in 0.00 ms.
Unloading 1942 Unused Serialized files (Serialized files now loaded: 0)
System memory in use before: 90.3 MB.
System memory in use after: 90.3 MB.

Unloading 13 unused Assets to reduce memory usage. Loaded Objects now: 2397.
Total: 4.795700 ms (FindLiveObjects: 0.677700 ms CreateObjectMapping: 0.303900 ms MarkObjects: 3.652200 ms  DeleteObjects: 0.156900 ms)

========================================================================
Received Prepare
Registering precompiled user dll's ...
Registered in 0.024852 seconds.
Begin MonoManager ReloadAssembly
Native extension for Lumin target not found
Native extension for WindowsStandalone target not found
Native extension for OSXStandalone target not found
Native extension for WebGL target not found
Refreshing native plugins compatible for Editor in 0.87 ms, found 1 plugins.
Preloading 0 native plugins for Editor in 0.00 ms.
Invoked RoslynAnalysisRunner static constructor.
RoslynAnalysisRunner will not be running.
RoslynAnalysisRunner has terminated.
Mono: successfully reloaded assembly
- Completed reload, in  2.876 seconds
Platform modules already initialized, skipping
Refreshing native plugins compatible for Editor in 0.63 ms, found 1 plugins.
Preloading 0 native plugins for Editor in 0.00 ms.
Unloading 1942 Unused Serialized files (Serialized files now loaded: 0)
System memory in use before: 90.4 MB.
System memory in use after: 90.4 MB.

Unloading 13 unused Assets to reduce memory usage. Loaded Objects now: 2400.
Total: 4.345100 ms (FindLiveObjects: 0.356400 ms CreateObjectMapping: 0.290400 ms MarkObjects: 3.494900 ms  DeleteObjects: 0.201500 ms)

========================================================================
Received Import Request.
  Time since last request: 56.774127 seconds.
  path: Assets/_ScriptableObjects/AttackState.asset
  artifactKey: Guid(a7f194b33eb16c84fb6c0de297e53c0b) Importer(815301076,1909f56bfc062723c751e8b465ee728b)
Start importing Assets/_ScriptableObjects/AttackState.asset using Guid(a7f194b33eb16c84fb6c0de297e53c0b) Importer(815301076,1909f56bfc062723c751e8b465ee728b)  -> (artifact id: 'c90cbe3618d5053174633612ab62d389') in 0.059761 seconds
  Import took 0.065512 seconds .

========================================================================
Received Prepare
Registering precompiled user dll's ...
Registered in 0.002907 seconds.
Begin MonoManager ReloadAssembly
Native extension for Lumin target not found
Native extension for WindowsStandalone target not found
Native extension for OSXStandalone target not found
Native extension for WebGL target not found
Refreshing native plugins compatible for Editor in 1.27 ms, found 1 plugins.
Preloading 0 native plugins for Editor in 0.00 ms.
Invoked RoslynAnalysisRunner static constructor.
RoslynAnalysisRunner will not be running.
RoslynAnalysisRunner has terminated.
Mono: successfully reloaded assembly
- Completed reload, in  2.458 seconds
Platform modules already initialized, skipping
Refreshing native plugins compatible for Editor in 0.63 ms, found 1 plugins.
Preloading 0 native plugins for Editor in 0.00 ms.
Unloading 1942 Unused Serialized files (Serialized files now loaded: 0)
System memory in use before: 90.4 MB.
System memory in use after: 90.4 MB.

Unloading 13 unused Assets to reduce memory usage. Loaded Objects now: 2403.
Total: 3.869000 ms (FindLiveObjects: 0.489400 ms CreateObjectMapping: 0.249500 ms MarkObjects: 2.937800 ms  DeleteObjects: 0.190200 ms)

========================================================================
Received Prepare
Registering precompiled user dll's ...
Registered in 0.005288 seconds.
Begin MonoManager ReloadAssembly
Native extension for Lumin target not found
Native extension for WindowsStandalone target not found
Native extension for OSXStandalone target not found
Native extension for WebGL target not found
Refreshing native plugins compatible for Editor in 1.49 ms, found 1 plugins.
Preloading 0 native plugins for Editor in 0.00 ms.
Invoked RoslynAnalysisRunner static constructor.
RoslynAnalysisRunner will not be running.
RoslynAnalysisRunner has terminated.
Mono: successfully reloaded assembly
- Completed reload, in  2.629 seconds
Platform modules already initialized, skipping
Refreshing native plugins compatible for Editor in 1.07 ms, found 1 plugins.
Preloading 0 native plugins for Editor in 0.00 ms.
Unloading 1942 Unused Serialized files (Serialized files now loaded: 0)
System memory in use before: 90.4 MB.
System memory in use after: 90.4 MB.

Unloading 13 unused Assets to reduce memory usage. Loaded Objects now: 2406.
Total: 4.389500 ms (FindLiveObjects: 0.511400 ms CreateObjectMapping: 0.232600 ms MarkObjects: 3.461200 ms  DeleteObjects: 0.182800 ms)

========================================================================
Received Prepare
Registering precompiled user dll's ...
Registered in 0.006355 seconds.
Begin MonoManager ReloadAssembly
Native extension for Lumin target not found
Native extension for WindowsStandalone target not found
Native extension for OSXStandalone target not found
Native extension for WebGL target not found
Refreshing native plugins compatible for Editor in 1.20 ms, found 1 plugins.
Preloading 0 native plugins for Editor in 0.00 ms.
Invoked RoslynAnalysisRunner static constructor.
RoslynAnalysisRunner will not be running.
RoslynAnalysisRunner has terminated.
Mono: successfully reloaded assembly
- Completed reload, in  3.283 seconds
Platform modules already initialized, skipping
Refreshing native plugins compatible for Editor in 0.68 ms, found 1 plugins.
Preloading 0 native plugins for Editor in 0.00 ms.
Unloading 1942 Unused Serialized files (Serialized files now loaded: 0)
System memory in use before: 90.4 MB.
System memory in use after: 90.4 MB.

Unloading 13 unused Assets to reduce memory usage. Loaded Objects now: 2409.
Total: 4.674600 ms (FindLiveObjects: 0.358100 ms CreateObjectMapping: 0.144600 ms MarkObjects: 3.979400 ms  DeleteObjects: 0.190700 ms)

========================================================================
Received Prepare
Registering precompiled user dll's ...
Registered in 0.007166 seconds.
Begin MonoManager ReloadAssembly
Native extension for Lumin target not found
Native extension for WindowsStandalone target not found
Native extension for OSXStandalone target not found
Native extension for WebGL target not found
Refreshing native plugins compatible for Editor in 0.71 ms, found 1 plugins.
Preloading 0 native plugins for Editor in 0.00 ms.
Invoked RoslynAnalysisRunner static constructor.
RoslynAnalysisRunner will not be running.
RoslynAnalysisRunner has terminated.
Mono: successfully reloaded assembly
- Completed reload, in  3.192 seconds
Platform modules already initialized, skipping
Refreshing native plugins compatible for Editor in 0.74 ms, found 1 plugins.
Preloading 0 native plugins for Editor in 0.00 ms.
Unloading 1942 Unused Serialized files (Serialized files now loaded: 0)
System memory in use before: 90.4 MB.
System memory in use after: 90.4 MB.

Unloading 13 unused Assets to reduce memory usage. Loaded Objects now: 2412.
Total: 3.676700 ms (FindLiveObjects: 0.333600 ms CreateObjectMapping: 0.210800 ms MarkObjects: 2.887300 ms  DeleteObjects: 0.243000 ms)

========================================================================
Received Prepare
Registering precompiled user dll's ...
Registered in 0.002877 seconds.
Begin MonoManager ReloadAssembly
Native extension for Lumin target not found
Native extension for WindowsStandalone target not found
Native extension for OSXStandalone target not found
Native extension for WebGL target not found
Refreshing native plugins compatible for Editor in 0.66 ms, found 1 plugins.
Preloading 0 native plugins for Editor in 0.00 ms.
Invoked RoslynAnalysisRunner static constructor.
RoslynAnalysisRunner will not be running.
RoslynAnalysisRunner has terminated.
Mono: successfully reloaded assembly
- Completed reload, in  3.023 seconds
Platform modules already initialized, skipping
Refreshing native plugins compatible for Editor in 0.83 ms, found 1 plugins.
Preloading 0 native plugins for Editor in 0.00 ms.
Unloading 1942 Unused Serialized files (Serialized files now loaded: 0)
System memory in use before: 90.4 MB.
System memory in use after: 90.4 MB.

Unloading 13 unused Assets to reduce memory usage. Loaded Objects now: 2415.
Total: 6.582500 ms (FindLiveObjects: 1.100500 ms CreateObjectMapping: 0.467800 ms MarkObjects: 4.776700 ms  DeleteObjects: 0.234300 ms)

========================================================================
Received Prepare
Registering precompiled user dll's ...
Registered in 0.006090 seconds.
Begin MonoManager ReloadAssembly
Native extension for Lumin target not found
Native extension for WindowsStandalone target not found
Native extension for OSXStandalone target not found
Native extension for WebGL target not found
Refreshing native plugins compatible for Editor in 1.79 ms, found 1 plugins.
Preloading 0 native plugins for Editor in 0.00 ms.
Invoked RoslynAnalysisRunner static constructor.
RoslynAnalysisRunner will not be running.
RoslynAnalysisRunner has terminated.
Mono: successfully reloaded assembly
- Completed reload, in  2.853 seconds
Platform modules already initialized, skipping
Refreshing native plugins compatible for Editor in 0.92 ms, found 1 plugins.
Preloading 0 native plugins for Editor in 0.00 ms.
Unloading 1942 Unused Serialized files (Serialized files now loaded: 0)
System memory in use before: 90.4 MB.
System memory in use after: 90.4 MB.

Unloading 13 unused Assets to reduce memory usage. Loaded Objects now: 2418.
Total: 4.653000 ms (FindLiveObjects: 0.540500 ms CreateObjectMapping: 0.168700 ms MarkObjects: 3.721500 ms  DeleteObjects: 0.220500 ms)

========================================================================
Received Prepare
Registering precompiled user dll's ...
Registered in 0.003075 seconds.
Begin MonoManager ReloadAssembly
Native extension for Lumin target not found
Native extension for WindowsStandalone target not found
Native extension for OSXStandalone target not found
Native extension for WebGL target not found
Refreshing native plugins compatible for Editor in 0.80 ms, found 1 plugins.
Preloading 0 native plugins for Editor in 0.00 ms.
Invoked RoslynAnalysisRunner static constructor.
RoslynAnalysisRunner will not be running.
RoslynAnalysisRunner has terminated.
Mono: successfully reloaded assembly
- Completed reload, in  2.518 seconds
Platform modules already initialized, skipping
Refreshing native plugins compatible for Editor in 0.91 ms, found 1 plugins.
Preloading 0 native plugins for Editor in 0.00 ms.
Unloading 1942 Unused Serialized files (Serialized files now loaded: 0)
System memory in use before: 90.4 MB.
System memory in use after: 90.4 MB.

Unloading 13 unused Assets to reduce memory usage. Loaded Objects now: 2421.
Total: 4.187200 ms (FindLiveObjects: 0.500800 ms CreateObjectMapping: 0.241600 ms MarkObjects: 3.259400 ms  DeleteObjects: 0.183400 ms)

========================================================================
Received Import Request.
  Time since last request: 980.048123 seconds.
  path: Assets/_Scripts/FSM/_Transitions/PointTransition.cs
  artifactKey: Guid(99f2ba483412d3246947505b40d729f7) Importer(815301076,1909f56bfc062723c751e8b465ee728b)
Start importing Assets/_Scripts/FSM/_Transitions/PointTransition.cs using Guid(99f2ba483412d3246947505b40d729f7) Importer(815301076,1909f56bfc062723c751e8b465ee728b)  -> (artifact id: 'c8b256d7f3a73cc17716b3adae52b759') in 0.112419 seconds
  Import took 0.124290 seconds .

========================================================================
Received Import Request.
  Time since last request: 12.793150 seconds.
  path: Assets/_Scripts/FSM/_Transitions/AttackTransition.cs
  artifactKey: Guid(6bdabc67d5eb86549b5a44d0f47c135f) Importer(815301076,1909f56bfc062723c751e8b465ee728b)
Start importing Assets/_Scripts/FSM/_Transitions/AttackTransition.cs using Guid(6bdabc67d5eb86549b5a44d0f47c135f) Importer(815301076,1909f56bfc062723c751e8b465ee728b)  -> (artifact id: '64cba34dc4fe47d58d397ba55c451b8a') in 0.066482 seconds
  Import took 0.082730 seconds .

========================================================================
Received Prepare
Registering precompiled user dll's ...
Registered in 0.061109 seconds.
Begin MonoManager ReloadAssembly
Native extension for Lumin target not found
Native extension for WindowsStandalone target not found
Native extension for OSXStandalone target not found
Native extension for WebGL target not found
Refreshing native plugins compatible for Editor in 0.73 ms, found 1 plugins.
Preloading 0 native plugins for Editor in 0.00 ms.
Invoked RoslynAnalysisRunner static constructor.
RoslynAnalysisRunner will not be running.
RoslynAnalysisRunner has terminated.
Mono: successfully reloaded assembly
- Completed reload, in  3.613 seconds
Platform modules already initialized, skipping
Refreshing native plugins compatible for Editor in 1.11 ms, found 1 plugins.
Preloading 0 native plugins for Editor in 0.00 ms.
Unloading 1943 Unused Serialized files (Serialized files now loaded: 0)
System memory in use before: 90.5 MB.
System memory in use after: 90.5 MB.

Unloading 14 unused Assets to reduce memory usage. Loaded Objects now: 2425.
Total: 16.024400 ms (FindLiveObjects: 0.615700 ms CreateObjectMapping: 0.283300 ms MarkObjects: 9.998600 ms  DeleteObjects: 5.124200 ms)

========================================================================
Received Import Request.
  Time since last request: 122.805616 seconds.
  path: Assets/_Scripts/FSM/_Transitions/DefendTransition.cs
  artifactKey: Guid(8b125a91db4f3584c834eb7352f3bbeb) Importer(815301076,1909f56bfc062723c751e8b465ee728b)
Start importing Assets/_Scripts/FSM/_Transitions/DefendTransition.cs using Guid(8b125a91db4f3584c834eb7352f3bbeb) Importer(815301076,1909f56bfc062723c751e8b465ee728b)  -> (artifact id: '6568957745ccb048c2373ec7e7c099ee') in 0.079808 seconds
  Import took 0.086257 seconds .

========================================================================
Received Import Request.
  Time since last request: 60.913085 seconds.
  path: Assets/_Scripts/FSM/_Transitions/AttackTransition.cs
  artifactKey: Guid(6bdabc67d5eb86549b5a44d0f47c135f) Importer(815301076,1909f56bfc062723c751e8b465ee728b)
Start importing Assets/_Scripts/FSM/_Transitions/AttackTransition.cs using Guid(6bdabc67d5eb86549b5a44d0f47c135f) Importer(815301076,1909f56bfc062723c751e8b465ee728b)  -> (artifact id: 'd0ec16f103d5ad6f7c337d0013387a08') in 0.028683 seconds
  Import took 0.035507 seconds .

========================================================================
Received Prepare
Registering precompiled user dll's ...
Registered in 0.002722 seconds.
Begin MonoManager ReloadAssembly
Native extension for Lumin target not found
Native extension for WindowsStandalone target not found
Native extension for OSXStandalone target not found
Native extension for WebGL target not found
Refreshing native plugins compatible for Editor in 0.61 ms, found 1 plugins.
Preloading 0 native plugins for Editor in 0.00 ms.
Invoked RoslynAnalysisRunner static constructor.
RoslynAnalysisRunner will not be running.
RoslynAnalysisRunner has terminated.
Mono: successfully reloaded assembly
- Completed reload, in  3.041 seconds
Platform modules already initialized, skipping
Refreshing native plugins compatible for Editor in 0.98 ms, found 1 plugins.
Preloading 0 native plugins for Editor in 0.00 ms.
Unloading 1943 Unused Serialized files (Serialized files now loaded: 0)
System memory in use before: 90.5 MB.
System memory in use after: 90.5 MB.

Unloading 13 unused Assets to reduce memory usage. Loaded Objects now: 2428.
Total: 7.980000 ms (FindLiveObjects: 1.933800 ms CreateObjectMapping: 0.684800 ms MarkObjects: 5.098500 ms  DeleteObjects: 0.239800 ms)

========================================================================
Received Import Request.
  Time since last request: 203.524447 seconds.
  path: Assets/_Scripts/FSM/_Transitions/AttackTransition.cs
  artifactKey: Guid(6bdabc67d5eb86549b5a44d0f47c135f) Importer(815301076,1909f56bfc062723c751e8b465ee728b)
Start importing Assets/_Scripts/FSM/_Transitions/AttackTransition.cs using Guid(6bdabc67d5eb86549b5a44d0f47c135f) Importer(815301076,1909f56bfc062723c751e8b465ee728b)  -> (artifact id: 'b2957df4927a39ec10d41fc00f483e55') in 0.013260 seconds
  Import took 0.018722 seconds .

========================================================================
Received Import Request.
  Time since last request: 9.238372 seconds.
  path: Assets/_ScriptableObjects/Transition/AttackTransition.asset
  artifactKey: Guid(544db66c60ab7ff42840a474f61a4a91) Importer(815301076,1909f56bfc062723c751e8b465ee728b)
Start importing Assets/_ScriptableObjects/Transition/AttackTransition.asset using Guid(544db66c60ab7ff42840a474f61a4a91) Importer(815301076,1909f56bfc062723c751e8b465ee728b)  -> (artifact id: '646e2cfa41176269907d90ba19a0d046') in 0.050885 seconds
  Import took 0.061399 seconds .

========================================================================
Received Import Request.
  Time since last request: 12.375527 seconds.
  path: Assets/_ScriptableObjects/Transition/DefendTransition.asset
  artifactKey: Guid(6ad5a782e267f0a4f9fc30d12c32cd08) Importer(815301076,1909f56bfc062723c751e8b465ee728b)
Start importing Assets/_ScriptableObjects/Transition/DefendTransition.asset using Guid(6ad5a782e267f0a4f9fc30d12c32cd08) Importer(815301076,1909f56bfc062723c751e8b465ee728b)  -> (artifact id: '96b67878c4de51b997878cbc40425097') in 0.064562 seconds
  Import took 0.073028 seconds .

========================================================================
Received Import Request.
  Time since last request: 7.749268 seconds.
  path: Assets/_ScriptableObjects/Transition/AttackTransition.asset
  artifactKey: Guid(544db66c60ab7ff42840a474f61a4a91) Importer(815301076,1909f56bfc062723c751e8b465ee728b)
Start importing Assets/_ScriptableObjects/Transition/AttackTransition.asset using Guid(544db66c60ab7ff42840a474f61a4a91) Importer(815301076,1909f56bfc062723c751e8b465ee728b)  -> (artifact id: 'e075ffbaa0490c3a4b5b3f7b5861b3f1') in 0.017063 seconds
  Import took 0.024627 seconds .

========================================================================
Received Import Request.
  Time since last request: 0.000089 seconds.
  path: Assets/_ScriptableObjects/Transition/DefendTransition.asset
  artifactKey: Guid(6ad5a782e267f0a4f9fc30d12c32cd08) Importer(815301076,1909f56bfc062723c751e8b465ee728b)
Start importing Assets/_ScriptableObjects/Transition/DefendTransition.asset using Guid(6ad5a782e267f0a4f9fc30d12c32cd08) Importer(815301076,1909f56bfc062723c751e8b465ee728b)  -> (artifact id: '643a04e6e5a72b3ce6c1d9c358384a91') in 0.057482 seconds
  Import took 0.063760 seconds .

========================================================================
Received Import Request.
  Time since last request: 9.721127 seconds.
  path: Assets/_ScriptableObjects/DefendState.asset
  artifactKey: Guid(67e96367d32288046973db056943aa88) Importer(815301076,1909f56bfc062723c751e8b465ee728b)
Start importing Assets/_ScriptableObjects/DefendState.asset using Guid(67e96367d32288046973db056943aa88) Importer(815301076,1909f56bfc062723c751e8b465ee728b)  -> (artifact id: '8ed20d31b735e0d282969a973966bd4a') in 1.994112 seconds
  Import took 2.090802 seconds .

========================================================================
Received Import Request.
  Time since last request: 0.336282 seconds.
  path: Assets/_ScriptableObjects/DefendState.asset
  artifactKey: Guid(67e96367d32288046973db056943aa88) Importer(815301076,1909f56bfc062723c751e8b465ee728b)
Start importing Assets/_ScriptableObjects/DefendState.asset using Guid(67e96367d32288046973db056943aa88) Importer(815301076,1909f56bfc062723c751e8b465ee728b)  -> (artifact id: '8ed20d31b735e0d282969a973966bd4a') in 0.063244 seconds
  Import took 0.191771 seconds .

========================================================================
Received Import Request.
  Time since last request: 3.473441 seconds.
  path: Assets/_ScriptableObjects/AttackState.asset
  artifactKey: Guid(a7f194b33eb16c84fb6c0de297e53c0b) Importer(815301076,1909f56bfc062723c751e8b465ee728b)
Start importing Assets/_ScriptableObjects/AttackState.asset using Guid(a7f194b33eb16c84fb6c0de297e53c0b) Importer(815301076,1909f56bfc062723c751e8b465ee728b)  -> (artifact id: '01188dd5cf1052825a5b7a6d52406a02') in 0.225747 seconds
  Import took 0.614220 seconds .

========================================================================
Received Prepare
Registering precompiled user dll's ...
Registered in 0.035155 seconds.
Begin MonoManager ReloadAssembly
Native extension for Lumin target not found
Native extension for WindowsStandalone target not found
Native extension for OSXStandalone target not found
Native extension for WebGL target not found
Refreshing native plugins compatible for Editor in 0.98 ms, found 1 plugins.
Preloading 0 native plugins for Editor in 0.00 ms.
Invoked RoslynAnalysisRunner static constructor.
RoslynAnalysisRunner will not be running.
RoslynAnalysisRunner has terminated.
Mono: successfully reloaded assembly
- Completed reload, in  2.975 seconds
Platform modules already initialized, skipping
Refreshing native plugins compatible for Editor in 0.88 ms, found 1 plugins.
Preloading 0 native plugins for Editor in 0.00 ms.
Unloading 1943 Unused Serialized files (Serialized files now loaded: 0)
System memory in use before: 90.5 MB.
System memory in use after: 90.5 MB.

Unloading 13 unused Assets to reduce memory usage. Loaded Objects now: 2431.
Total: 4.029800 ms (FindLiveObjects: 0.431800 ms CreateObjectMapping: 0.211400 ms MarkObjects: 3.164700 ms  DeleteObjects: 0.219600 ms)

AssetImportWorkerClient::OnTransportError - code=2 error=End of file
