Using pre-set license
Built from '2020.2/staging' branch; Version is '2020.2.6f1 (8a2143876886) revision 9052483'; Using compiler version '192528614'; Build Type 'Release'
OS: 'Windows 10 Pro; OS build 19041.804; Version 2004; 64bit' Language: 'de' Physical Memory: 8113 MB
BatchMode: 1, IsHumanControllingUs: 0, StartBugReporterOnCrash: 0, Is64bit: 1, IsPro: 0

 COMMAND LINE ARGUMENTS:
C:\Program Files\Unity\Hub\Editor\2020.2.6f1\Editor\Unity.exe
-adb2
-batchMode
-noUpm
-name
AssetImportWorker1
-projectPath
C:/Users/Surface User/Desktop/Bachelorarbeit/InfluenceMapProject
-logFile
Logs/AssetImportWorker1.log
-srvPort
50893
Successfully changed project path to: C:/Users/Surface User/Desktop/Bachelorarbeit/InfluenceMapProject
C:/Users/Surface User/Desktop/Bachelorarbeit/InfluenceMapProject
Using Asset Import Pipeline V2.
Refreshing native plugins compatible for Editor in 825.24 ms, found 1 plugins.
Preloading 0 native plugins for Editor in 0.00 ms.
Initialize engine version: 2020.2.6f1 (8a2143876886)
[Subsystems] Discovering subsystems at path C:/Program Files/Unity/Hub/Editor/2020.2.6f1/Editor/Data/Resources/UnitySubsystems
[Subsystems] Discovering subsystems at path C:/Users/Surface User/Desktop/Bachelorarbeit/InfluenceMapProject/Assets
GfxDevice: creating device client; threaded=0
